[0.585s] Invoking command in '/home/midday/turtlebot3_ws/build/turtlebot3_example': CMAKE_PREFIX_PATH=/home/midday/turtlebot3_ws/install/turtlebot3_msgs:/home/midday/turtlebot3_ws/install/turtlebot3:/home/midday/turtlebot3_ws/install/turtlebot3_simulations:/home/midday/turtlebot3_ws/install/turtlebot3_bringup:/home/midday/turtlebot3_ws/install/turtlebot3_node:/home/midday/turtlebot3_ws/install/turtlebot3_navigation2:/home/midday/turtlebot3_ws/install/turtlebot3_fake_node:/home/midday/turtlebot3_ws/install/turtlebot3_gazebo:/home/midday/turtlebot3_ws/install/turtlebot3_description:/home/midday/turtlebot3_ws/install/turtlebot3_cartographer:/home/midday/turtlebot3_ws/install/dynamixel_sdk_examples:/home/midday/turtlebot3_ws/install/dynamixel_sdk_custom_interfaces:/home/midday/turtlebot3_ws/install/dynamixel_sdk LD_LIBRARY_PATH=/home/midday/turtlebot3_ws/install/turtlebot3_msgs/lib:/home/midday/turtlebot3_ws/install/dynamixel_sdk_custom_interfaces/lib:/home/midday/turtlebot3_ws/install/dynamixel_sdk/lib:/usr/lib/x86_64-linux-gnu/gazebo-11/plugins:/opt/ros/humble/opt/rviz_ogre_vendor/lib:/opt/ros/humble/lib/x86_64-linux-gnu:/opt/ros/humble/lib:/usr/share/gazebo/../../lib/x86_64-linux-gnu/gazebo-11/plugins:/usr/share/gazebo/../../lib/x86_64-linux-gnu/gazebo-11/plugins:/usr/share/gazebo/../../lib/x86_64-linux-gnu/gazebo-11/plugins PYTHONPATH=/home/midday/turtlebot3_ws/build/turtlebot3_example/prefix_override:/home/midday/turtlebot3_ws/install/turtlebot3_example/lib/python3.10/site-packages:${PYTHONPATH} /usr/bin/python3 -W ignore:setup.py install is deprecated setup.py develop --editable --build-directory /home/midday/turtlebot3_ws/build/turtlebot3_example/build --no-deps symlink_data
[0.756s] running develop
[0.757s] /usr/lib/python3/dist-packages/setuptools/command/easy_install.py:158: EasyInstallDeprecationWarning: easy_install command is deprecated. Use build and pip and other standards-based tools.
[0.757s]   warnings.warn(
[0.851s] running egg_info
[0.851s] writing turtlebot3_example.egg-info/PKG-INFO
[0.851s] writing dependency_links to turtlebot3_example.egg-info/dependency_links.txt
[0.851s] writing entry points to turtlebot3_example.egg-info/entry_points.txt
[0.851s] writing requirements to turtlebot3_example.egg-info/requires.txt
[0.851s] writing top-level names to turtlebot3_example.egg-info/top_level.txt
[0.853s] reading manifest file 'turtlebot3_example.egg-info/SOURCES.txt'
[0.854s] writing manifest file 'turtlebot3_example.egg-info/SOURCES.txt'
[0.855s] running build_ext
[0.855s] Creating /home/midday/turtlebot3_ws/install/turtlebot3_example/lib/python3.10/site-packages/turtlebot3-example.egg-link (link to .)
[0.856s] Installing turtlebot3_obstacle_detection script to /home/midday/turtlebot3_ws/install/turtlebot3_example/lib/turtlebot3_example
[0.856s] Installing turtlebot3_patrol_client script to /home/midday/turtlebot3_ws/install/turtlebot3_example/lib/turtlebot3_example
[0.856s] Installing turtlebot3_patrol_server script to /home/midday/turtlebot3_ws/install/turtlebot3_example/lib/turtlebot3_example
[0.857s] Installing turtlebot3_position_control script to /home/midday/turtlebot3_ws/install/turtlebot3_example/lib/turtlebot3_example
[0.857s] 
[0.857s] Installed /home/midday/turtlebot3_ws/build/turtlebot3_example
[0.857s] running symlink_data
[0.878s] Invoked command in '/home/midday/turtlebot3_ws/build/turtlebot3_example' returned '0': CMAKE_PREFIX_PATH=/home/midday/turtlebot3_ws/install/turtlebot3_msgs:/home/midday/turtlebot3_ws/install/turtlebot3:/home/midday/turtlebot3_ws/install/turtlebot3_simulations:/home/midday/turtlebot3_ws/install/turtlebot3_bringup:/home/midday/turtlebot3_ws/install/turtlebot3_node:/home/midday/turtlebot3_ws/install/turtlebot3_navigation2:/home/midday/turtlebot3_ws/install/turtlebot3_fake_node:/home/midday/turtlebot3_ws/install/turtlebot3_gazebo:/home/midday/turtlebot3_ws/install/turtlebot3_description:/home/midday/turtlebot3_ws/install/turtlebot3_cartographer:/home/midday/turtlebot3_ws/install/dynamixel_sdk_examples:/home/midday/turtlebot3_ws/install/dynamixel_sdk_custom_interfaces:/home/midday/turtlebot3_ws/install/dynamixel_sdk LD_LIBRARY_PATH=/home/midday/turtlebot3_ws/install/turtlebot3_msgs/lib:/home/midday/turtlebot3_ws/install/dynamixel_sdk_custom_interfaces/lib:/home/midday/turtlebot3_ws/install/dynamixel_sdk/lib:/usr/lib/x86_64-linux-gnu/gazebo-11/plugins:/opt/ros/humble/opt/rviz_ogre_vendor/lib:/opt/ros/humble/lib/x86_64-linux-gnu:/opt/ros/humble/lib:/usr/share/gazebo/../../lib/x86_64-linux-gnu/gazebo-11/plugins:/usr/share/gazebo/../../lib/x86_64-linux-gnu/gazebo-11/plugins:/usr/share/gazebo/../../lib/x86_64-linux-gnu/gazebo-11/plugins PYTHONPATH=/home/midday/turtlebot3_ws/build/turtlebot3_example/prefix_override:/home/midday/turtlebot3_ws/install/turtlebot3_example/lib/python3.10/site-packages:${PYTHONPATH} /usr/bin/python3 -W ignore:setup.py install is deprecated setup.py develop --editable --build-directory /home/midday/turtlebot3_ws/build/turtlebot3_example/build --no-deps symlink_data
