[0.284s] Invoking command in '/home/midday/turtlebot3_ws/build/turtlebot3_fake_node': CMAKE_PREFIX_PATH=/home/midday/turtlebot3_ws/install/turtlebot3_msgs:/home/midday/turtlebot3_ws/install/turtlebot3:/home/midday/turtlebot3_ws/install/turtlebot3_simulations:/home/midday/turtlebot3_ws/install/turtlebot3_bringup:/home/midday/turtlebot3_ws/install/turtlebot3_node:/home/midday/turtlebot3_ws/install/turtlebot3_navigation2:/home/midday/turtlebot3_ws/install/turtlebot3_fake_node:/home/midday/turtlebot3_ws/install/turtlebot3_gazebo:/home/midday/turtlebot3_ws/install/turtlebot3_description:/home/midday/turtlebot3_ws/install/turtlebot3_cartographer:/home/midday/turtlebot3_ws/install/dynamixel_sdk_examples:/home/midday/turtlebot3_ws/install/dynamixel_sdk_custom_interfaces:/home/midday/turtlebot3_ws/install/dynamixel_sdk:/home/midday/turtlebot3_ws/install/turtlebot3_teleop:/home/midday/turtlebot3_ws/install/turtlebot3_example:/opt/ros/humble LD_LIBRARY_PATH=/home/midday/turtlebot3_ws/install/turtlebot3_msgs/lib:/home/midday/turtlebot3_ws/install/dynamixel_sdk_custom_interfaces/lib:/home/midday/turtlebot3_ws/install/dynamixel_sdk/lib:/usr/lib/x86_64-linux-gnu/gazebo-11/plugins:/opt/ros/humble/opt/rviz_ogre_vendor/lib:/opt/ros/humble/lib/x86_64-linux-gnu:/opt/ros/humble/lib:/usr/share/gazebo/../../lib/x86_64-linux-gnu/gazebo-11/plugins:/usr/share/gazebo/../../lib/x86_64-linux-gnu/gazebo-11/plugins:/usr/share/gazebo/../../lib/x86_64-linux-gnu/gazebo-11/plugins:/usr/share/gazebo/../../lib/x86_64-linux-gnu/gazebo-11/plugins:/usr/share/gazebo/../../lib/x86_64-linux-gnu/gazebo-11/plugins:/usr/share/gazebo/../../lib/x86_64-linux-gnu/gazebo-11/plugins:/usr/share/gazebo/../../lib/x86_64-linux-gnu/gazebo-11/plugins:/usr/share/gazebo/../../lib/x86_64-linux-gnu/gazebo-11/plugins:/usr/share/gazebo/../../lib/x86_64-linux-gnu/gazebo-11/plugins:/usr/share/gazebo/../../lib/x86_64-linux-gnu/gazebo-11/plugins /usr/bin/cmake --build /home/midday/turtlebot3_ws/build/turtlebot3_fake_node -- -j12 -l12
[0.301s] -- Found ament_cmake: 1.3.8 (/opt/ros/humble/share/ament_cmake/cmake)
[0.407s] -- Override CMake install command with custom implementation using symlinks instead of copying resources
[0.412s] -- Found geometry_msgs: 4.2.3 (/opt/ros/humble/share/geometry_msgs/cmake)
[0.497s] -- Found rosidl_generator_c: 3.1.5 (/opt/ros/humble/share/rosidl_generator_c/cmake)
[0.499s] -- Found rosidl_adapter: 3.1.5 (/opt/ros/humble/share/rosidl_adapter/cmake)
[0.504s] -- Found rosidl_generator_cpp: 3.1.5 (/opt/ros/humble/share/rosidl_generator_cpp/cmake)
[0.512s] -- Using all available rosidl_typesupport_c: rosidl_typesupport_fastrtps_c;rosidl_typesupport_introspection_c
[0.526s] -- Using all available rosidl_typesupport_cpp: rosidl_typesupport_fastrtps_cpp;rosidl_typesupport_introspection_cpp
[0.629s] -- Found nav_msgs: 4.2.3 (/opt/ros/humble/share/nav_msgs/cmake)
[0.702s] -- Found rclcpp: 16.0.8 (/opt/ros/humble/share/rclcpp/cmake)
[0.745s] -- Found rmw_implementation_cmake: 6.1.1 (/opt/ros/humble/share/rmw_implementation_cmake/cmake)
[0.747s] -- Found rmw_fastrtps_cpp: 6.2.6 (/opt/ros/humble/share/rmw_fastrtps_cpp/cmake)
[3.602s] -- Using RMW implementation 'rmw_fastrtps_cpp' as default
[3.694s] -- Found sensor_msgs: 4.2.3 (/opt/ros/humble/share/sensor_msgs/cmake)
[3.760s] -- Found tf2: 0.25.6 (/opt/ros/humble/share/tf2/cmake)
[3.765s] -- Found tf2_msgs: 0.25.6 (/opt/ros/humble/share/tf2_msgs/cmake)
[3.867s] -- Found turtlebot3_msgs: 2.2.3 (/home/midday/turtlebot3_ws/install/turtlebot3_msgs/share/turtlebot3_msgs/cmake)
[3.972s] -- Configuring done
[3.982s] -- Generating done
[3.984s] -- Build files have been written to: /home/midday/turtlebot3_ws/build/turtlebot3_fake_node
[4.001s] [35m[1mConsolidate compiler generated dependencies of target turtlebot3_fake_node[0m
[4.012s] [ 50%] [32mBuilding CXX object CMakeFiles/turtlebot3_fake_node.dir/src/turtlebot3_fake_node.cpp.o[0m
[10.492s] [100%] [32m[1mLinking CXX executable turtlebot3_fake_node[0m
[10.873s] [100%] Built target turtlebot3_fake_node
[10.879s] Invoked command in '/home/midday/turtlebot3_ws/build/turtlebot3_fake_node' returned '0': CMAKE_PREFIX_PATH=/home/midday/turtlebot3_ws/install/turtlebot3_msgs:/home/midday/turtlebot3_ws/install/turtlebot3:/home/midday/turtlebot3_ws/install/turtlebot3_simulations:/home/midday/turtlebot3_ws/install/turtlebot3_bringup:/home/midday/turtlebot3_ws/install/turtlebot3_node:/home/midday/turtlebot3_ws/install/turtlebot3_navigation2:/home/midday/turtlebot3_ws/install/turtlebot3_fake_node:/home/midday/turtlebot3_ws/install/turtlebot3_gazebo:/home/midday/turtlebot3_ws/install/turtlebot3_description:/home/midday/turtlebot3_ws/install/turtlebot3_cartographer:/home/midday/turtlebot3_ws/install/dynamixel_sdk_examples:/home/midday/turtlebot3_ws/install/dynamixel_sdk_custom_interfaces:/home/midday/turtlebot3_ws/install/dynamixel_sdk:/home/midday/turtlebot3_ws/install/turtlebot3_teleop:/home/midday/turtlebot3_ws/install/turtlebot3_example:/opt/ros/humble LD_LIBRARY_PATH=/home/midday/turtlebot3_ws/install/turtlebot3_msgs/lib:/home/midday/turtlebot3_ws/install/dynamixel_sdk_custom_interfaces/lib:/home/midday/turtlebot3_ws/install/dynamixel_sdk/lib:/usr/lib/x86_64-linux-gnu/gazebo-11/plugins:/opt/ros/humble/opt/rviz_ogre_vendor/lib:/opt/ros/humble/lib/x86_64-linux-gnu:/opt/ros/humble/lib:/usr/share/gazebo/../../lib/x86_64-linux-gnu/gazebo-11/plugins:/usr/share/gazebo/../../lib/x86_64-linux-gnu/gazebo-11/plugins:/usr/share/gazebo/../../lib/x86_64-linux-gnu/gazebo-11/plugins:/usr/share/gazebo/../../lib/x86_64-linux-gnu/gazebo-11/plugins:/usr/share/gazebo/../../lib/x86_64-linux-gnu/gazebo-11/plugins:/usr/share/gazebo/../../lib/x86_64-linux-gnu/gazebo-11/plugins:/usr/share/gazebo/../../lib/x86_64-linux-gnu/gazebo-11/plugins:/usr/share/gazebo/../../lib/x86_64-linux-gnu/gazebo-11/plugins:/usr/share/gazebo/../../lib/x86_64-linux-gnu/gazebo-11/plugins:/usr/share/gazebo/../../lib/x86_64-linux-gnu/gazebo-11/plugins /usr/bin/cmake --build /home/midday/turtlebot3_ws/build/turtlebot3_fake_node -- -j12 -l12
[10.895s] Invoking command in '/home/midday/turtlebot3_ws/build/turtlebot3_fake_node': CMAKE_PREFIX_PATH=/home/midday/turtlebot3_ws/install/turtlebot3_msgs:/home/midday/turtlebot3_ws/install/turtlebot3:/home/midday/turtlebot3_ws/install/turtlebot3_simulations:/home/midday/turtlebot3_ws/install/turtlebot3_bringup:/home/midday/turtlebot3_ws/install/turtlebot3_node:/home/midday/turtlebot3_ws/install/turtlebot3_navigation2:/home/midday/turtlebot3_ws/install/turtlebot3_fake_node:/home/midday/turtlebot3_ws/install/turtlebot3_gazebo:/home/midday/turtlebot3_ws/install/turtlebot3_description:/home/midday/turtlebot3_ws/install/turtlebot3_cartographer:/home/midday/turtlebot3_ws/install/dynamixel_sdk_examples:/home/midday/turtlebot3_ws/install/dynamixel_sdk_custom_interfaces:/home/midday/turtlebot3_ws/install/dynamixel_sdk:/home/midday/turtlebot3_ws/install/turtlebot3_teleop:/home/midday/turtlebot3_ws/install/turtlebot3_example:/opt/ros/humble LD_LIBRARY_PATH=/home/midday/turtlebot3_ws/install/turtlebot3_msgs/lib:/home/midday/turtlebot3_ws/install/dynamixel_sdk_custom_interfaces/lib:/home/midday/turtlebot3_ws/install/dynamixel_sdk/lib:/usr/lib/x86_64-linux-gnu/gazebo-11/plugins:/opt/ros/humble/opt/rviz_ogre_vendor/lib:/opt/ros/humble/lib/x86_64-linux-gnu:/opt/ros/humble/lib:/usr/share/gazebo/../../lib/x86_64-linux-gnu/gazebo-11/plugins:/usr/share/gazebo/../../lib/x86_64-linux-gnu/gazebo-11/plugins:/usr/share/gazebo/../../lib/x86_64-linux-gnu/gazebo-11/plugins:/usr/share/gazebo/../../lib/x86_64-linux-gnu/gazebo-11/plugins:/usr/share/gazebo/../../lib/x86_64-linux-gnu/gazebo-11/plugins:/usr/share/gazebo/../../lib/x86_64-linux-gnu/gazebo-11/plugins:/usr/share/gazebo/../../lib/x86_64-linux-gnu/gazebo-11/plugins:/usr/share/gazebo/../../lib/x86_64-linux-gnu/gazebo-11/plugins:/usr/share/gazebo/../../lib/x86_64-linux-gnu/gazebo-11/plugins:/usr/share/gazebo/../../lib/x86_64-linux-gnu/gazebo-11/plugins /usr/bin/cmake --install /home/midday/turtlebot3_ws/build/turtlebot3_fake_node
[10.900s] -- Install configuration: ""
[10.901s] -- Execute custom install script
[10.901s] -- Up-to-date symlink: /home/midday/turtlebot3_ws/install/turtlebot3_fake_node/lib/turtlebot3_fake_node/turtlebot3_fake_node
[10.901s] -- Up-to-date symlink: /home/midday/turtlebot3_ws/install/turtlebot3_fake_node/share/turtlebot3_fake_node/launch/rviz2.launch.py
[10.901s] -- Up-to-date symlink: /home/midday/turtlebot3_ws/install/turtlebot3_fake_node/share/turtlebot3_fake_node/launch/turtlebot3_fake_node.launch.py
[10.901s] -- Up-to-date symlink: /home/midday/turtlebot3_ws/install/turtlebot3_fake_node/share/turtlebot3_fake_node/param/burger.yaml
[10.902s] -- Up-to-date symlink: /home/midday/turtlebot3_ws/install/turtlebot3_fake_node/share/turtlebot3_fake_node/param/waffle.yaml
[10.902s] -- Up-to-date symlink: /home/midday/turtlebot3_ws/install/turtlebot3_fake_node/share/turtlebot3_fake_node/param/waffle_pi.yaml
[10.902s] -- Up-to-date symlink: /home/midday/turtlebot3_ws/install/turtlebot3_fake_node/include//turtlebot3_fake_node/turtlebot3_fake_node.hpp
[10.902s] -- Up-to-date symlink: /home/midday/turtlebot3_ws/install/turtlebot3_fake_node/share/ament_index/resource_index/package_run_dependencies/turtlebot3_fake_node
[10.902s] -- Up-to-date symlink: /home/midday/turtlebot3_ws/install/turtlebot3_fake_node/share/ament_index/resource_index/parent_prefix_path/turtlebot3_fake_node
[10.902s] -- Up-to-date symlink: /home/midday/turtlebot3_ws/install/turtlebot3_fake_node/share/turtlebot3_fake_node/environment/ament_prefix_path.sh
[10.903s] -- Up-to-date symlink: /home/midday/turtlebot3_ws/install/turtlebot3_fake_node/share/turtlebot3_fake_node/environment/ament_prefix_path.dsv
[10.903s] -- Up-to-date symlink: /home/midday/turtlebot3_ws/install/turtlebot3_fake_node/share/turtlebot3_fake_node/environment/path.sh
[10.903s] -- Up-to-date symlink: /home/midday/turtlebot3_ws/install/turtlebot3_fake_node/share/turtlebot3_fake_node/environment/path.dsv
[10.903s] -- Up-to-date symlink: /home/midday/turtlebot3_ws/install/turtlebot3_fake_node/share/turtlebot3_fake_node/local_setup.bash
[10.903s] -- Up-to-date symlink: /home/midday/turtlebot3_ws/install/turtlebot3_fake_node/share/turtlebot3_fake_node/local_setup.sh
[10.903s] -- Up-to-date symlink: /home/midday/turtlebot3_ws/install/turtlebot3_fake_node/share/turtlebot3_fake_node/local_setup.zsh
[10.903s] -- Up-to-date symlink: /home/midday/turtlebot3_ws/install/turtlebot3_fake_node/share/turtlebot3_fake_node/local_setup.dsv
[10.903s] -- Symlinking: /home/midday/turtlebot3_ws/install/turtlebot3_fake_node/share/turtlebot3_fake_node/package.dsv
[10.908s] -- Up-to-date symlink: /home/midday/turtlebot3_ws/install/turtlebot3_fake_node/share/ament_index/resource_index/packages/turtlebot3_fake_node
[10.909s] -- Up-to-date symlink: /home/midday/turtlebot3_ws/install/turtlebot3_fake_node/share/turtlebot3_fake_node/cmake/ament_cmake_export_include_directories-extras.cmake
[10.909s] -- Up-to-date symlink: /home/midday/turtlebot3_ws/install/turtlebot3_fake_node/share/turtlebot3_fake_node/cmake/ament_cmake_export_dependencies-extras.cmake
[10.909s] -- Up-to-date symlink: /home/midday/turtlebot3_ws/install/turtlebot3_fake_node/share/turtlebot3_fake_node/cmake/turtlebot3_fake_nodeConfig.cmake
[10.909s] -- Up-to-date symlink: /home/midday/turtlebot3_ws/install/turtlebot3_fake_node/share/turtlebot3_fake_node/cmake/turtlebot3_fake_nodeConfig-version.cmake
[10.909s] -- Up-to-date symlink: /home/midday/turtlebot3_ws/install/turtlebot3_fake_node/share/turtlebot3_fake_node/package.xml
[10.911s] Invoked command in '/home/midday/turtlebot3_ws/build/turtlebot3_fake_node' returned '0': CMAKE_PREFIX_PATH=/home/midday/turtlebot3_ws/install/turtlebot3_msgs:/home/midday/turtlebot3_ws/install/turtlebot3:/home/midday/turtlebot3_ws/install/turtlebot3_simulations:/home/midday/turtlebot3_ws/install/turtlebot3_bringup:/home/midday/turtlebot3_ws/install/turtlebot3_node:/home/midday/turtlebot3_ws/install/turtlebot3_navigation2:/home/midday/turtlebot3_ws/install/turtlebot3_fake_node:/home/midday/turtlebot3_ws/install/turtlebot3_gazebo:/home/midday/turtlebot3_ws/install/turtlebot3_description:/home/midday/turtlebot3_ws/install/turtlebot3_cartographer:/home/midday/turtlebot3_ws/install/dynamixel_sdk_examples:/home/midday/turtlebot3_ws/install/dynamixel_sdk_custom_interfaces:/home/midday/turtlebot3_ws/install/dynamixel_sdk:/home/midday/turtlebot3_ws/install/turtlebot3_teleop:/home/midday/turtlebot3_ws/install/turtlebot3_example:/opt/ros/humble LD_LIBRARY_PATH=/home/midday/turtlebot3_ws/install/turtlebot3_msgs/lib:/home/midday/turtlebot3_ws/install/dynamixel_sdk_custom_interfaces/lib:/home/midday/turtlebot3_ws/install/dynamixel_sdk/lib:/usr/lib/x86_64-linux-gnu/gazebo-11/plugins:/opt/ros/humble/opt/rviz_ogre_vendor/lib:/opt/ros/humble/lib/x86_64-linux-gnu:/opt/ros/humble/lib:/usr/share/gazebo/../../lib/x86_64-linux-gnu/gazebo-11/plugins:/usr/share/gazebo/../../lib/x86_64-linux-gnu/gazebo-11/plugins:/usr/share/gazebo/../../lib/x86_64-linux-gnu/gazebo-11/plugins:/usr/share/gazebo/../../lib/x86_64-linux-gnu/gazebo-11/plugins:/usr/share/gazebo/../../lib/x86_64-linux-gnu/gazebo-11/plugins:/usr/share/gazebo/../../lib/x86_64-linux-gnu/gazebo-11/plugins:/usr/share/gazebo/../../lib/x86_64-linux-gnu/gazebo-11/plugins:/usr/share/gazebo/../../lib/x86_64-linux-gnu/gazebo-11/plugins:/usr/share/gazebo/../../lib/x86_64-linux-gnu/gazebo-11/plugins:/usr/share/gazebo/../../lib/x86_64-linux-gnu/gazebo-11/plugins /usr/bin/cmake --install /home/midday/turtlebot3_ws/build/turtlebot3_fake_node
