[0.091s] Invoking command in '/home/midday/turtlebot3_ws/src/build/dynamixel_sdk_examples': AMENT_PREFIX_PATH=/home/midday/turtlebot3_ws/src/install/dynamixel_sdk_custom_interfaces:/home/midday/turtlebot3_ws/src/install/dynamixel_sdk:${AMENT_PREFIX_PATH} CMAKE_PREFIX_PATH=/home/midday/turtlebot3_ws/src/install/dynamixel_sdk_custom_interfaces:/home/midday/turtlebot3_ws/src/install/dynamixel_sdk:/home/midday/turtlebot3_ws/install/turtlebot3:/home/midday/turtlebot3_ws/install/turtlebot3_simulations:/home/midday/turtlebot3_ws/install/turtlebot3_bringup:/home/midday/turtlebot3_ws/install/turtlebot3_node:/home/midday/turtlebot3_ws/install/turtlebot3_navigation2:/home/midday/turtlebot3_ws/install/turtlebot3_fake_node:/home/midday/turtlebot3_ws/install/turtlebot3_msgs:/home/midday/turtlebot3_ws/install/turtlebot3_gazebo:/home/midday/turtlebot3_ws/install/turtlebot3_description:/home/midday/turtlebot3_ws/install/turtlebot3_cartographer:/home/midday/turtlebot3_ws/install/dynamixel_sdk_examples:/home/midday/turtlebot3_ws/install/dynamixel_sdk_custom_interfaces:/home/midday/turtlebot3_ws/install/dynamixel_sdk:/home/midday/turtlebot3_ws/install/turtlebot3_teleop:/home/midday/turtlebot3_ws/install/turtlebot3_example:/opt/ros/humble LD_LIBRARY_PATH=/home/midday/turtlebot3_ws/src/install/dynamixel_sdk_custom_interfaces/lib:/home/midday/turtlebot3_ws/src/install/dynamixel_sdk/lib:/home/midday/turtlebot3_ws/install/turtlebot3_msgs/lib:/home/midday/turtlebot3_ws/install/dynamixel_sdk_custom_interfaces/lib:/home/midday/turtlebot3_ws/install/dynamixel_sdk/lib:/usr/lib/x86_64-linux-gnu/gazebo-11/plugins:/opt/ros/humble/opt/rviz_ogre_vendor/lib:/opt/ros/humble/lib/x86_64-linux-gnu:/opt/ros/humble/lib:/usr/share/gazebo/../../lib/x86_64-linux-gnu/gazebo-11/plugins:/usr/share/gazebo/../../lib/x86_64-linux-gnu/gazebo-11/plugins:/usr/share/gazebo/../../lib/x86_64-linux-gnu/gazebo-11/plugins PYTHONPATH=/home/midday/turtlebot3_ws/src/install/dynamixel_sdk_custom_interfaces/local/lib/python3.10/dist-packages:${PYTHONPATH} /usr/bin/cmake /home/midday/turtlebot3_ws/src/DynamixelSDK/dynamixel_sdk_examples -DAMENT_CMAKE_SYMLINK_INSTALL=1 -DCMAKE_INSTALL_PREFIX=/home/midday/turtlebot3_ws/src/install/dynamixel_sdk_examples
[0.178s] -- The C compiler identification is GNU 11.4.0
[0.463s] -- The CXX compiler identification is GNU 11.4.0
[0.671s] -- Detecting C compiler ABI info
[0.768s] -- Detecting C compiler ABI info - done
[0.774s] -- Check for working C compiler: /usr/bin/cc - skipped
[0.774s] -- Detecting C compile features
[0.775s] -- Detecting C compile features - done
[0.777s] -- Detecting CXX compiler ABI info
[0.875s] -- Detecting CXX compiler ABI info - done
[0.880s] -- Check for working CXX compiler: /usr/bin/c++ - skipped
[0.880s] -- Detecting CXX compile features
[0.881s] -- Detecting CXX compile features - done
[0.883s] -- Found ament_cmake: 1.3.8 (/opt/ros/humble/share/ament_cmake/cmake)
[1.007s] -- Found Python3: /usr/bin/python3 (found version "3.10.12") found components: Interpreter 
[1.080s] -- Override CMake install command with custom implementation using symlinks instead of copying resources
[1.108s] -- Found dynamixel_sdk: 3.7.60 (/home/midday/turtlebot3_ws/src/install/dynamixel_sdk/share/dynamixel_sdk/cmake)
[1.110s] -- Found dynamixel_sdk_custom_interfaces: 3.7.60 (/home/midday/turtlebot3_ws/src/install/dynamixel_sdk_custom_interfaces/share/dynamixel_sdk_custom_interfaces/cmake)
[1.249s] -- Found rosidl_generator_c: 3.1.5 (/opt/ros/humble/share/rosidl_generator_c/cmake)
[1.253s] -- Found rosidl_adapter: 3.1.5 (/opt/ros/humble/share/rosidl_adapter/cmake)
[1.264s] -- Found rosidl_generator_cpp: 3.1.5 (/opt/ros/humble/share/rosidl_generator_cpp/cmake)
[1.277s] -- Using all available rosidl_typesupport_c: rosidl_typesupport_fastrtps_c;rosidl_typesupport_introspection_c
[1.298s] -- Using all available rosidl_typesupport_cpp: rosidl_typesupport_fastrtps_cpp;rosidl_typesupport_introspection_cpp
[1.354s] -- Found rclcpp: 16.0.8 (/opt/ros/humble/share/rclcpp/cmake)
[1.445s] -- Found rmw_implementation_cmake: 6.1.1 (/opt/ros/humble/share/rmw_implementation_cmake/cmake)
[1.452s] -- Found rmw_fastrtps_cpp: 6.2.6 (/opt/ros/humble/share/rmw_fastrtps_cpp/cmake)
[2.421s] -- Found OpenSSL: /usr/lib/x86_64-linux-gnu/libcrypto.so (found version "3.0.2")  
[3.467s] -- Found FastRTPS: /opt/ros/humble/include  
[5.448s] -- Using RMW implementation 'rmw_fastrtps_cpp' as default
[5.461s] -- Looking for pthread.h
[5.559s] -- Looking for pthread.h - found
[5.559s] -- Performing Test CMAKE_HAVE_LIBC_PTHREAD
[5.653s] -- Performing Test CMAKE_HAVE_LIBC_PTHREAD - Success
[5.655s] -- Found Threads: TRUE  
[5.833s] -- Found ament_lint_auto: 0.12.10 (/opt/ros/humble/share/ament_lint_auto/cmake)
[5.924s] -- Added test 'copyright' to check source files copyright and LICENSE
[5.925s] -- Added test 'cppcheck' to perform static code analysis on C / C++ code
[5.925s] -- Configured cppcheck include dirs: /home/midday/turtlebot3_ws/src/DynamixelSDK/dynamixel_sdk_examples/include
[5.926s] -- Configured cppcheck exclude dirs and/or files: 
[5.926s] -- Added test 'cpplint' to check C / C++ code against the Google style
[5.927s] -- Configured cpplint exclude dirs and/or files: 
[5.928s] -- Added test 'lint_cmake' to check CMake code style
[5.930s] -- Added test 'uncrustify' to check C / C++ code style
[5.930s] -- Configured uncrustify additional arguments: 
[5.931s] -- Added test 'xmllint' to check XML markup files
[5.933s] -- Configuring done
[5.943s] -- Generating done
[5.945s] -- Build files have been written to: /home/midday/turtlebot3_ws/src/build/dynamixel_sdk_examples
[5.953s] Invoked command in '/home/midday/turtlebot3_ws/src/build/dynamixel_sdk_examples' returned '0': AMENT_PREFIX_PATH=/home/midday/turtlebot3_ws/src/install/dynamixel_sdk_custom_interfaces:/home/midday/turtlebot3_ws/src/install/dynamixel_sdk:${AMENT_PREFIX_PATH} CMAKE_PREFIX_PATH=/home/midday/turtlebot3_ws/src/install/dynamixel_sdk_custom_interfaces:/home/midday/turtlebot3_ws/src/install/dynamixel_sdk:/home/midday/turtlebot3_ws/install/turtlebot3:/home/midday/turtlebot3_ws/install/turtlebot3_simulations:/home/midday/turtlebot3_ws/install/turtlebot3_bringup:/home/midday/turtlebot3_ws/install/turtlebot3_node:/home/midday/turtlebot3_ws/install/turtlebot3_navigation2:/home/midday/turtlebot3_ws/install/turtlebot3_fake_node:/home/midday/turtlebot3_ws/install/turtlebot3_msgs:/home/midday/turtlebot3_ws/install/turtlebot3_gazebo:/home/midday/turtlebot3_ws/install/turtlebot3_description:/home/midday/turtlebot3_ws/install/turtlebot3_cartographer:/home/midday/turtlebot3_ws/install/dynamixel_sdk_examples:/home/midday/turtlebot3_ws/install/dynamixel_sdk_custom_interfaces:/home/midday/turtlebot3_ws/install/dynamixel_sdk:/home/midday/turtlebot3_ws/install/turtlebot3_teleop:/home/midday/turtlebot3_ws/install/turtlebot3_example:/opt/ros/humble LD_LIBRARY_PATH=/home/midday/turtlebot3_ws/src/install/dynamixel_sdk_custom_interfaces/lib:/home/midday/turtlebot3_ws/src/install/dynamixel_sdk/lib:/home/midday/turtlebot3_ws/install/turtlebot3_msgs/lib:/home/midday/turtlebot3_ws/install/dynamixel_sdk_custom_interfaces/lib:/home/midday/turtlebot3_ws/install/dynamixel_sdk/lib:/usr/lib/x86_64-linux-gnu/gazebo-11/plugins:/opt/ros/humble/opt/rviz_ogre_vendor/lib:/opt/ros/humble/lib/x86_64-linux-gnu:/opt/ros/humble/lib:/usr/share/gazebo/../../lib/x86_64-linux-gnu/gazebo-11/plugins:/usr/share/gazebo/../../lib/x86_64-linux-gnu/gazebo-11/plugins:/usr/share/gazebo/../../lib/x86_64-linux-gnu/gazebo-11/plugins PYTHONPATH=/home/midday/turtlebot3_ws/src/install/dynamixel_sdk_custom_interfaces/local/lib/python3.10/dist-packages:${PYTHONPATH} /usr/bin/cmake /home/midday/turtlebot3_ws/src/DynamixelSDK/dynamixel_sdk_examples -DAMENT_CMAKE_SYMLINK_INSTALL=1 -DCMAKE_INSTALL_PREFIX=/home/midday/turtlebot3_ws/src/install/dynamixel_sdk_examples
[5.956s] Invoking command in '/home/midday/turtlebot3_ws/src/build/dynamixel_sdk_examples': AMENT_PREFIX_PATH=/home/midday/turtlebot3_ws/src/install/dynamixel_sdk_custom_interfaces:/home/midday/turtlebot3_ws/src/install/dynamixel_sdk:${AMENT_PREFIX_PATH} CMAKE_PREFIX_PATH=/home/midday/turtlebot3_ws/src/install/dynamixel_sdk_custom_interfaces:/home/midday/turtlebot3_ws/src/install/dynamixel_sdk:/home/midday/turtlebot3_ws/install/turtlebot3:/home/midday/turtlebot3_ws/install/turtlebot3_simulations:/home/midday/turtlebot3_ws/install/turtlebot3_bringup:/home/midday/turtlebot3_ws/install/turtlebot3_node:/home/midday/turtlebot3_ws/install/turtlebot3_navigation2:/home/midday/turtlebot3_ws/install/turtlebot3_fake_node:/home/midday/turtlebot3_ws/install/turtlebot3_msgs:/home/midday/turtlebot3_ws/install/turtlebot3_gazebo:/home/midday/turtlebot3_ws/install/turtlebot3_description:/home/midday/turtlebot3_ws/install/turtlebot3_cartographer:/home/midday/turtlebot3_ws/install/dynamixel_sdk_examples:/home/midday/turtlebot3_ws/install/dynamixel_sdk_custom_interfaces:/home/midday/turtlebot3_ws/install/dynamixel_sdk:/home/midday/turtlebot3_ws/install/turtlebot3_teleop:/home/midday/turtlebot3_ws/install/turtlebot3_example:/opt/ros/humble LD_LIBRARY_PATH=/home/midday/turtlebot3_ws/src/install/dynamixel_sdk_custom_interfaces/lib:/home/midday/turtlebot3_ws/src/install/dynamixel_sdk/lib:/home/midday/turtlebot3_ws/install/turtlebot3_msgs/lib:/home/midday/turtlebot3_ws/install/dynamixel_sdk_custom_interfaces/lib:/home/midday/turtlebot3_ws/install/dynamixel_sdk/lib:/usr/lib/x86_64-linux-gnu/gazebo-11/plugins:/opt/ros/humble/opt/rviz_ogre_vendor/lib:/opt/ros/humble/lib/x86_64-linux-gnu:/opt/ros/humble/lib:/usr/share/gazebo/../../lib/x86_64-linux-gnu/gazebo-11/plugins:/usr/share/gazebo/../../lib/x86_64-linux-gnu/gazebo-11/plugins:/usr/share/gazebo/../../lib/x86_64-linux-gnu/gazebo-11/plugins PYTHONPATH=/home/midday/turtlebot3_ws/src/install/dynamixel_sdk_custom_interfaces/local/lib/python3.10/dist-packages:${PYTHONPATH} /usr/bin/cmake --build /home/midday/turtlebot3_ws/src/build/dynamixel_sdk_examples -- -j12 -l12
[5.996s] [ 50%] [32mBuilding CXX object CMakeFiles/read_write_node.dir/src/read_write_node.cpp.o[0m
[18.616s] [100%] [32m[1mLinking CXX executable read_write_node[0m
[19.167s] [100%] Built target read_write_node
[19.177s] Invoked command in '/home/midday/turtlebot3_ws/src/build/dynamixel_sdk_examples' returned '0': AMENT_PREFIX_PATH=/home/midday/turtlebot3_ws/src/install/dynamixel_sdk_custom_interfaces:/home/midday/turtlebot3_ws/src/install/dynamixel_sdk:${AMENT_PREFIX_PATH} CMAKE_PREFIX_PATH=/home/midday/turtlebot3_ws/src/install/dynamixel_sdk_custom_interfaces:/home/midday/turtlebot3_ws/src/install/dynamixel_sdk:/home/midday/turtlebot3_ws/install/turtlebot3:/home/midday/turtlebot3_ws/install/turtlebot3_simulations:/home/midday/turtlebot3_ws/install/turtlebot3_bringup:/home/midday/turtlebot3_ws/install/turtlebot3_node:/home/midday/turtlebot3_ws/install/turtlebot3_navigation2:/home/midday/turtlebot3_ws/install/turtlebot3_fake_node:/home/midday/turtlebot3_ws/install/turtlebot3_msgs:/home/midday/turtlebot3_ws/install/turtlebot3_gazebo:/home/midday/turtlebot3_ws/install/turtlebot3_description:/home/midday/turtlebot3_ws/install/turtlebot3_cartographer:/home/midday/turtlebot3_ws/install/dynamixel_sdk_examples:/home/midday/turtlebot3_ws/install/dynamixel_sdk_custom_interfaces:/home/midday/turtlebot3_ws/install/dynamixel_sdk:/home/midday/turtlebot3_ws/install/turtlebot3_teleop:/home/midday/turtlebot3_ws/install/turtlebot3_example:/opt/ros/humble LD_LIBRARY_PATH=/home/midday/turtlebot3_ws/src/install/dynamixel_sdk_custom_interfaces/lib:/home/midday/turtlebot3_ws/src/install/dynamixel_sdk/lib:/home/midday/turtlebot3_ws/install/turtlebot3_msgs/lib:/home/midday/turtlebot3_ws/install/dynamixel_sdk_custom_interfaces/lib:/home/midday/turtlebot3_ws/install/dynamixel_sdk/lib:/usr/lib/x86_64-linux-gnu/gazebo-11/plugins:/opt/ros/humble/opt/rviz_ogre_vendor/lib:/opt/ros/humble/lib/x86_64-linux-gnu:/opt/ros/humble/lib:/usr/share/gazebo/../../lib/x86_64-linux-gnu/gazebo-11/plugins:/usr/share/gazebo/../../lib/x86_64-linux-gnu/gazebo-11/plugins:/usr/share/gazebo/../../lib/x86_64-linux-gnu/gazebo-11/plugins PYTHONPATH=/home/midday/turtlebot3_ws/src/install/dynamixel_sdk_custom_interfaces/local/lib/python3.10/dist-packages:${PYTHONPATH} /usr/bin/cmake --build /home/midday/turtlebot3_ws/src/build/dynamixel_sdk_examples -- -j12 -l12
[19.196s] Invoking command in '/home/midday/turtlebot3_ws/src/build/dynamixel_sdk_examples': AMENT_PREFIX_PATH=/home/midday/turtlebot3_ws/src/install/dynamixel_sdk_custom_interfaces:/home/midday/turtlebot3_ws/src/install/dynamixel_sdk:${AMENT_PREFIX_PATH} CMAKE_PREFIX_PATH=/home/midday/turtlebot3_ws/src/install/dynamixel_sdk_custom_interfaces:/home/midday/turtlebot3_ws/src/install/dynamixel_sdk:/home/midday/turtlebot3_ws/install/turtlebot3:/home/midday/turtlebot3_ws/install/turtlebot3_simulations:/home/midday/turtlebot3_ws/install/turtlebot3_bringup:/home/midday/turtlebot3_ws/install/turtlebot3_node:/home/midday/turtlebot3_ws/install/turtlebot3_navigation2:/home/midday/turtlebot3_ws/install/turtlebot3_fake_node:/home/midday/turtlebot3_ws/install/turtlebot3_msgs:/home/midday/turtlebot3_ws/install/turtlebot3_gazebo:/home/midday/turtlebot3_ws/install/turtlebot3_description:/home/midday/turtlebot3_ws/install/turtlebot3_cartographer:/home/midday/turtlebot3_ws/install/dynamixel_sdk_examples:/home/midday/turtlebot3_ws/install/dynamixel_sdk_custom_interfaces:/home/midday/turtlebot3_ws/install/dynamixel_sdk:/home/midday/turtlebot3_ws/install/turtlebot3_teleop:/home/midday/turtlebot3_ws/install/turtlebot3_example:/opt/ros/humble LD_LIBRARY_PATH=/home/midday/turtlebot3_ws/src/install/dynamixel_sdk_custom_interfaces/lib:/home/midday/turtlebot3_ws/src/install/dynamixel_sdk/lib:/home/midday/turtlebot3_ws/install/turtlebot3_msgs/lib:/home/midday/turtlebot3_ws/install/dynamixel_sdk_custom_interfaces/lib:/home/midday/turtlebot3_ws/install/dynamixel_sdk/lib:/usr/lib/x86_64-linux-gnu/gazebo-11/plugins:/opt/ros/humble/opt/rviz_ogre_vendor/lib:/opt/ros/humble/lib/x86_64-linux-gnu:/opt/ros/humble/lib:/usr/share/gazebo/../../lib/x86_64-linux-gnu/gazebo-11/plugins:/usr/share/gazebo/../../lib/x86_64-linux-gnu/gazebo-11/plugins:/usr/share/gazebo/../../lib/x86_64-linux-gnu/gazebo-11/plugins PYTHONPATH=/home/midday/turtlebot3_ws/src/install/dynamixel_sdk_custom_interfaces/local/lib/python3.10/dist-packages:${PYTHONPATH} /usr/bin/cmake --install /home/midday/turtlebot3_ws/src/build/dynamixel_sdk_examples
[19.202s] -- Install configuration: ""
[19.203s] -- Execute custom install script
[19.204s] -- Symlinking: /home/midday/turtlebot3_ws/src/install/dynamixel_sdk_examples/lib/dynamixel_sdk_examples/read_write_node
[19.212s] -- Symlinking: /home/midday/turtlebot3_ws/src/install/dynamixel_sdk_examples/share/ament_index/resource_index/package_run_dependencies/dynamixel_sdk_examples
[19.219s] -- Symlinking: /home/midday/turtlebot3_ws/src/install/dynamixel_sdk_examples/share/ament_index/resource_index/parent_prefix_path/dynamixel_sdk_examples
[19.227s] -- Symlinking: /home/midday/turtlebot3_ws/src/install/dynamixel_sdk_examples/share/dynamixel_sdk_examples/environment/ament_prefix_path.sh
[19.235s] -- Symlinking: /home/midday/turtlebot3_ws/src/install/dynamixel_sdk_examples/share/dynamixel_sdk_examples/environment/ament_prefix_path.dsv
[19.242s] -- Symlinking: /home/midday/turtlebot3_ws/src/install/dynamixel_sdk_examples/share/dynamixel_sdk_examples/environment/path.sh
[19.249s] -- Symlinking: /home/midday/turtlebot3_ws/src/install/dynamixel_sdk_examples/share/dynamixel_sdk_examples/environment/path.dsv
[19.257s] -- Symlinking: /home/midday/turtlebot3_ws/src/install/dynamixel_sdk_examples/share/dynamixel_sdk_examples/local_setup.bash
[19.264s] -- Symlinking: /home/midday/turtlebot3_ws/src/install/dynamixel_sdk_examples/share/dynamixel_sdk_examples/local_setup.sh
[19.271s] -- Symlinking: /home/midday/turtlebot3_ws/src/install/dynamixel_sdk_examples/share/dynamixel_sdk_examples/local_setup.zsh
[19.279s] -- Symlinking: /home/midday/turtlebot3_ws/src/install/dynamixel_sdk_examples/share/dynamixel_sdk_examples/local_setup.dsv
[19.286s] -- Symlinking: /home/midday/turtlebot3_ws/src/install/dynamixel_sdk_examples/share/dynamixel_sdk_examples/package.dsv
[19.293s] -- Symlinking: /home/midday/turtlebot3_ws/src/install/dynamixel_sdk_examples/share/ament_index/resource_index/packages/dynamixel_sdk_examples
[19.301s] -- Symlinking: /home/midday/turtlebot3_ws/src/install/dynamixel_sdk_examples/share/dynamixel_sdk_examples/cmake/dynamixel_sdk_examplesConfig.cmake
[19.307s] -- Symlinking: /home/midday/turtlebot3_ws/src/install/dynamixel_sdk_examples/share/dynamixel_sdk_examples/cmake/dynamixel_sdk_examplesConfig-version.cmake
[19.315s] -- Symlinking: /home/midday/turtlebot3_ws/src/install/dynamixel_sdk_examples/share/dynamixel_sdk_examples/package.xml
[19.326s] Invoked command in '/home/midday/turtlebot3_ws/src/build/dynamixel_sdk_examples' returned '0': AMENT_PREFIX_PATH=/home/midday/turtlebot3_ws/src/install/dynamixel_sdk_custom_interfaces:/home/midday/turtlebot3_ws/src/install/dynamixel_sdk:${AMENT_PREFIX_PATH} CMAKE_PREFIX_PATH=/home/midday/turtlebot3_ws/src/install/dynamixel_sdk_custom_interfaces:/home/midday/turtlebot3_ws/src/install/dynamixel_sdk:/home/midday/turtlebot3_ws/install/turtlebot3:/home/midday/turtlebot3_ws/install/turtlebot3_simulations:/home/midday/turtlebot3_ws/install/turtlebot3_bringup:/home/midday/turtlebot3_ws/install/turtlebot3_node:/home/midday/turtlebot3_ws/install/turtlebot3_navigation2:/home/midday/turtlebot3_ws/install/turtlebot3_fake_node:/home/midday/turtlebot3_ws/install/turtlebot3_msgs:/home/midday/turtlebot3_ws/install/turtlebot3_gazebo:/home/midday/turtlebot3_ws/install/turtlebot3_description:/home/midday/turtlebot3_ws/install/turtlebot3_cartographer:/home/midday/turtlebot3_ws/install/dynamixel_sdk_examples:/home/midday/turtlebot3_ws/install/dynamixel_sdk_custom_interfaces:/home/midday/turtlebot3_ws/install/dynamixel_sdk:/home/midday/turtlebot3_ws/install/turtlebot3_teleop:/home/midday/turtlebot3_ws/install/turtlebot3_example:/opt/ros/humble LD_LIBRARY_PATH=/home/midday/turtlebot3_ws/src/install/dynamixel_sdk_custom_interfaces/lib:/home/midday/turtlebot3_ws/src/install/dynamixel_sdk/lib:/home/midday/turtlebot3_ws/install/turtlebot3_msgs/lib:/home/midday/turtlebot3_ws/install/dynamixel_sdk_custom_interfaces/lib:/home/midday/turtlebot3_ws/install/dynamixel_sdk/lib:/usr/lib/x86_64-linux-gnu/gazebo-11/plugins:/opt/ros/humble/opt/rviz_ogre_vendor/lib:/opt/ros/humble/lib/x86_64-linux-gnu:/opt/ros/humble/lib:/usr/share/gazebo/../../lib/x86_64-linux-gnu/gazebo-11/plugins:/usr/share/gazebo/../../lib/x86_64-linux-gnu/gazebo-11/plugins:/usr/share/gazebo/../../lib/x86_64-linux-gnu/gazebo-11/plugins PYTHONPATH=/home/midday/turtlebot3_ws/src/install/dynamixel_sdk_custom_interfaces/local/lib/python3.10/dist-packages:${PYTHONPATH} /usr/bin/cmake --install /home/midday/turtlebot3_ws/src/build/dynamixel_sdk_examples
