[0.656s] Invoking command in '/home/midday/turtlebot3_ws/build/turtlebot3_teleop': PYTHONPATH=/home/midday/turtlebot3_ws/build/turtlebot3_teleop/prefix_override:/home/midday/turtlebot3_ws/install/turtlebot3_teleop/lib/python3.10/site-packages:${PYTHONPATH} /usr/bin/python3 -W ignore:setup.py install is deprecated setup.py develop --editable --build-directory /home/midday/turtlebot3_ws/build/turtlebot3_teleop/build --no-deps symlink_data
[0.878s] running develop
[0.879s] /usr/lib/python3/dist-packages/setuptools/command/easy_install.py:158: EasyInstallDeprecationWarning: easy_install command is deprecated. Use build and pip and other standards-based tools.
[0.879s]   warnings.warn(
[1.000s] running egg_info
[1.000s] creating turtlebot3_teleop.egg-info
[1.000s] writing turtlebot3_teleop.egg-info/PKG-INFO
[1.001s] writing dependency_links to turtlebot3_teleop.egg-info/dependency_links.txt
[1.001s] writing entry points to turtlebot3_teleop.egg-info/entry_points.txt
[1.001s] writing requirements to turtlebot3_teleop.egg-info/requires.txt
[1.001s] writing top-level names to turtlebot3_teleop.egg-info/top_level.txt
[1.001s] writing manifest file 'turtlebot3_teleop.egg-info/SOURCES.txt'
[1.003s] reading manifest file 'turtlebot3_teleop.egg-info/SOURCES.txt'
[1.003s] writing manifest file 'turtlebot3_teleop.egg-info/SOURCES.txt'
[1.005s] running build_ext
[1.005s] Creating /home/midday/turtlebot3_ws/install/turtlebot3_teleop/lib/python3.10/site-packages/turtlebot3-teleop.egg-link (link to .)
[1.006s] Installing teleop_keyboard script to /home/midday/turtlebot3_ws/install/turtlebot3_teleop/lib/turtlebot3_teleop
[1.006s] 
[1.006s] Installed /home/midday/turtlebot3_ws/build/turtlebot3_teleop
[1.006s] running symlink_data
[1.007s] creating /home/midday/turtlebot3_ws/install/turtlebot3_teleop/share/ament_index
[1.007s] creating /home/midday/turtlebot3_ws/install/turtlebot3_teleop/share/ament_index/resource_index
[1.007s] creating /home/midday/turtlebot3_ws/install/turtlebot3_teleop/share/ament_index/resource_index/packages
[1.007s] symbolically linking /home/midday/turtlebot3_ws/build/turtlebot3_teleop/resource/turtlebot3_teleop -> /home/midday/turtlebot3_ws/install/turtlebot3_teleop/share/ament_index/resource_index/packages
[1.007s] symbolically linking /home/midday/turtlebot3_ws/build/turtlebot3_teleop/package.xml -> /home/midday/turtlebot3_ws/install/turtlebot3_teleop/share/turtlebot3_teleop
[1.043s] Invoked command in '/home/midday/turtlebot3_ws/build/turtlebot3_teleop' returned '0': PYTHONPATH=/home/midday/turtlebot3_ws/build/turtlebot3_teleop/prefix_override:/home/midday/turtlebot3_ws/install/turtlebot3_teleop/lib/python3.10/site-packages:${PYTHONPATH} /usr/bin/python3 -W ignore:setup.py install is deprecated setup.py develop --editable --build-directory /home/midday/turtlebot3_ws/build/turtlebot3_teleop/build --no-deps symlink_data
