[0.027s] Invoking command in '/home/midday/turtlebot3_ws/build/turtlebot3_description': CMAKE_PREFIX_PATH=/opt/ros/humble /usr/bin/cmake /home/midday/turtlebot3_ws/src/turtlebot3/turtlebot3_description -DAMENT_CMAKE_SYMLINK_INSTALL=1 -DCMAKE_INSTALL_PREFIX=/home/midday/turtlebot3_ws/install/turtlebot3_description
[0.245s] -- The C compiler identification is GNU 11.4.0
[0.483s] -- The CXX compiler identification is GNU 11.4.0
[0.682s] -- Detecting C compiler ABI info
[0.791s] -- Detecting C compiler ABI info - done
[0.798s] -- Check for working C compiler: /usr/bin/cc - skipped
[0.798s] -- Detecting C compile features
[0.799s] -- Detecting C compile features - done
[0.801s] -- Detecting CXX compiler ABI info
[0.932s] -- Detecting CXX compiler ABI info - done
[0.941s] -- Check for working CXX compiler: /usr/bin/c++ - skipped
[0.941s] -- Detecting CXX compile features
[0.942s] -- Detecting CXX compile features - done
[0.944s] -- Found ament_cmake: 1.3.8 (/opt/ros/humble/share/ament_cmake/cmake)
[1.067s] -- Found Python3: /usr/bin/python3 (found version "3.10.12") found components: Interpreter 
[1.119s] -- Override CMake install command with custom implementation using symlinks instead of copying resources
[1.142s] -- Found urdf: 2.6.0 (/opt/ros/humble/share/urdf/cmake)
[2.690s] -- Configuring done
[2.693s] -- Generating done
[2.694s] -- Build files have been written to: /home/midday/turtlebot3_ws/build/turtlebot3_description
[2.698s] Invoked command in '/home/midday/turtlebot3_ws/build/turtlebot3_description' returned '0': CMAKE_PREFIX_PATH=/opt/ros/humble /usr/bin/cmake /home/midday/turtlebot3_ws/src/turtlebot3/turtlebot3_description -DAMENT_CMAKE_SYMLINK_INSTALL=1 -DCMAKE_INSTALL_PREFIX=/home/midday/turtlebot3_ws/install/turtlebot3_description
[2.700s] Invoking command in '/home/midday/turtlebot3_ws/build/turtlebot3_description': CMAKE_PREFIX_PATH=/opt/ros/humble /usr/bin/cmake --build /home/midday/turtlebot3_ws/build/turtlebot3_description -- -j12 -l12
[2.721s] Invoked command in '/home/midday/turtlebot3_ws/build/turtlebot3_description' returned '0': CMAKE_PREFIX_PATH=/opt/ros/humble /usr/bin/cmake --build /home/midday/turtlebot3_ws/build/turtlebot3_description -- -j12 -l12
[2.736s] Invoking command in '/home/midday/turtlebot3_ws/build/turtlebot3_description': CMAKE_PREFIX_PATH=/opt/ros/humble /usr/bin/cmake --install /home/midday/turtlebot3_ws/build/turtlebot3_description
[2.740s] -- Install configuration: ""
[2.740s] -- Execute custom install script
[2.741s] -- Symlinking: /home/midday/turtlebot3_ws/install/turtlebot3_description/share/turtlebot3_description/meshes/bases/burger_base.stl
[2.746s] -- Symlinking: /home/midday/turtlebot3_ws/install/turtlebot3_description/share/turtlebot3_description/meshes/bases/waffle_base.stl
[2.751s] -- Symlinking: /home/midday/turtlebot3_ws/install/turtlebot3_description/share/turtlebot3_description/meshes/bases/waffle_pi_base.stl
[2.756s] -- Symlinking: /home/midday/turtlebot3_ws/install/turtlebot3_description/share/turtlebot3_description/meshes/sensors/astra.dae
[2.762s] -- Symlinking: /home/midday/turtlebot3_ws/install/turtlebot3_description/share/turtlebot3_description/meshes/sensors/astra.jpg
[2.766s] -- Symlinking: /home/midday/turtlebot3_ws/install/turtlebot3_description/share/turtlebot3_description/meshes/sensors/lds.stl
[2.771s] -- Symlinking: /home/midday/turtlebot3_ws/install/turtlebot3_description/share/turtlebot3_description/meshes/sensors/r200.dae
[2.777s] -- Symlinking: /home/midday/turtlebot3_ws/install/turtlebot3_description/share/turtlebot3_description/meshes/sensors/r200.jpg
[2.781s] -- Symlinking: /home/midday/turtlebot3_ws/install/turtlebot3_description/share/turtlebot3_description/meshes/wheels/left_tire.stl
[2.786s] -- Symlinking: /home/midday/turtlebot3_ws/install/turtlebot3_description/share/turtlebot3_description/meshes/wheels/right_tire.stl
[2.792s] -- Symlinking: /home/midday/turtlebot3_ws/install/turtlebot3_description/share/turtlebot3_description/rviz/model.rviz
[2.800s] -- Symlinking: /home/midday/turtlebot3_ws/install/turtlebot3_description/share/turtlebot3_description/urdf/common_properties.urdf
[2.807s] -- Symlinking: /home/midday/turtlebot3_ws/install/turtlebot3_description/share/turtlebot3_description/urdf/turtlebot3_burger.urdf
[2.813s] -- Symlinking: /home/midday/turtlebot3_ws/install/turtlebot3_description/share/turtlebot3_description/urdf/turtlebot3_waffle.urdf
[2.818s] -- Symlinking: /home/midday/turtlebot3_ws/install/turtlebot3_description/share/turtlebot3_description/urdf/turtlebot3_waffle_pi.urdf
[2.823s] -- Symlinking: /home/midday/turtlebot3_ws/install/turtlebot3_description/share/ament_index/resource_index/package_run_dependencies/turtlebot3_description
[2.829s] -- Symlinking: /home/midday/turtlebot3_ws/install/turtlebot3_description/share/ament_index/resource_index/parent_prefix_path/turtlebot3_description
[2.834s] -- Symlinking: /home/midday/turtlebot3_ws/install/turtlebot3_description/share/turtlebot3_description/environment/ament_prefix_path.sh
[2.840s] -- Symlinking: /home/midday/turtlebot3_ws/install/turtlebot3_description/share/turtlebot3_description/environment/ament_prefix_path.dsv
[2.846s] -- Symlinking: /home/midday/turtlebot3_ws/install/turtlebot3_description/share/turtlebot3_description/environment/path.sh
[2.851s] -- Symlinking: /home/midday/turtlebot3_ws/install/turtlebot3_description/share/turtlebot3_description/environment/path.dsv
[2.856s] -- Symlinking: /home/midday/turtlebot3_ws/install/turtlebot3_description/share/turtlebot3_description/local_setup.bash
[2.861s] -- Symlinking: /home/midday/turtlebot3_ws/install/turtlebot3_description/share/turtlebot3_description/local_setup.sh
[2.866s] -- Symlinking: /home/midday/turtlebot3_ws/install/turtlebot3_description/share/turtlebot3_description/local_setup.zsh
[2.873s] -- Symlinking: /home/midday/turtlebot3_ws/install/turtlebot3_description/share/turtlebot3_description/local_setup.dsv
[2.881s] -- Symlinking: /home/midday/turtlebot3_ws/install/turtlebot3_description/share/turtlebot3_description/package.dsv
[2.889s] -- Symlinking: /home/midday/turtlebot3_ws/install/turtlebot3_description/share/ament_index/resource_index/packages/turtlebot3_description
[2.894s] -- Symlinking: /home/midday/turtlebot3_ws/install/turtlebot3_description/share/turtlebot3_description/cmake/turtlebot3_descriptionConfig.cmake
[2.900s] -- Symlinking: /home/midday/turtlebot3_ws/install/turtlebot3_description/share/turtlebot3_description/cmake/turtlebot3_descriptionConfig-version.cmake
[2.907s] -- Symlinking: /home/midday/turtlebot3_ws/install/turtlebot3_description/share/turtlebot3_description/package.xml
[2.915s] Invoked command in '/home/midday/turtlebot3_ws/build/turtlebot3_description' returned '0': CMAKE_PREFIX_PATH=/opt/ros/humble /usr/bin/cmake --install /home/midday/turtlebot3_ws/build/turtlebot3_description
