[0.034s] Invoking command in '/home/midday/turtlebot3_ws/build/turtlebot3_gazebo': CMAKE_PREFIX_PATH=${CMAKE_PREFIX_PATH}:/home/midday/turtlebot3_ws/install/turtlebot3_teleop:/home/midday/turtlebot3_ws/install/turtlebot3_example:/opt/ros/humble /usr/bin/cmake --build /home/midday/turtlebot3_ws/build/turtlebot3_gazebo -- -j12 -l12
[0.074s] -- Found ament_cmake: 1.3.8 (/opt/ros/humble/share/ament_cmake/cmake)
[0.182s] -- Override CMake install command with custom implementation using symlinks instead of copying resources
[0.189s] [33mCMake Warning (dev) at /usr/share/cmake-3.22/Modules/FindPackageHandleStandardArgs.cmake:438 (message):
[0.189s]   The package name passed to `find_package_handle_standard_args` (PkgConfig)
[0.189s]   does not match the name of the calling package (gazebo).  This can lead to
[0.189s]   problems in calling code that expects `find_package` result variables
[0.190s]   (e.g., `_FOUND`) to follow a certain pattern.
[0.190s] Call Stack (most recent call first):
[0.190s]   /usr/share/cmake-3.22/Modules/FindPkgConfig.cmake:99 (find_package_handle_standard_args)
[0.190s]   /usr/lib/x86_64-linux-gnu/cmake/gazebo/gazebo-config.cmake:72 (include)
[0.190s]   CMakeLists.txt:23 (find_package)
[0.190s] This warning is for project developers.  Use -Wno-dev to suppress it.
[0.190s] [0m
[0.206s] -- Found DART: /usr/include (Required is at least version "6.6") found components: dart 
[0.227s] -- Looking for ignition-math6 -- found version 6.15.1
[0.230s] -- Searching for dependencies of ignition-math6
[0.230s] -- Looking for OGRE...
[0.234s] -- Found Ogre Ghadamon (1.9.0)
[0.234s] -- Found OGRE: optimized;/usr/lib/x86_64-linux-gnu/libOgreMain.so;debug;/usr/lib/x86_64-linux-gnu/libOgreMain.so
[0.241s] -- Looking for OGRE_Paging...
[0.241s] -- Found OGRE_Paging: optimized;/usr/lib/x86_64-linux-gnu/libOgrePaging.so;debug;/usr/lib/x86_64-linux-gnu/libOgrePaging.so
[0.241s] -- Looking for OGRE_Terrain...
[0.242s] -- Found OGRE_Terrain: optimized;/usr/lib/x86_64-linux-gnu/libOgreTerrain.so;debug;/usr/lib/x86_64-linux-gnu/libOgreTerrain.so
[0.242s] -- Looking for OGRE_Property...
[0.242s] -- Found OGRE_Property: optimized;/usr/lib/x86_64-linux-gnu/libOgreProperty.so;debug;/usr/lib/x86_64-linux-gnu/libOgreProperty.so
[0.242s] -- Looking for OGRE_RTShaderSystem...
[0.242s] -- Found OGRE_RTShaderSystem: optimized;/usr/lib/x86_64-linux-gnu/libOgreRTShaderSystem.so;debug;/usr/lib/x86_64-linux-gnu/libOgreRTShaderSystem.so
[0.242s] -- Looking for OGRE_Volume...
[0.242s] -- Found OGRE_Volume: optimized;/usr/lib/x86_64-linux-gnu/libOgreVolume.so;debug;/usr/lib/x86_64-linux-gnu/libOgreVolume.so
[0.243s] -- Looking for OGRE_Overlay...
[0.243s] -- Found OGRE_Overlay: optimized;/usr/lib/x86_64-linux-gnu/libOgreOverlay.so;debug;/usr/lib/x86_64-linux-gnu/libOgreOverlay.so
[9.152s] -- Looking for ignition-math6 -- found version 6.15.1
[9.152s] -- Looking for ignition-transport8 -- found version 8.2.1
[9.153s] -- Searching for dependencies of ignition-transport8
[9.434s] -- Checking for module 'uuid'
[9.441s] --   Found uuid, version 2.37.2
[9.456s] -- Looking for ignition-msgs5 -- found version 5.8.1
[9.456s] -- Searching for dependencies of ignition-msgs5
[9.486s] -- Looking for ignition-math6 -- found version 6.15.1
[9.489s] -- Checking for module 'tinyxml2'
[9.495s] --   Found tinyxml2, version 9.0.0
[9.511s] -- Looking for ignition-msgs5 -- found version 5.8.1
[9.511s] -- Looking for ignition-common3 -- found version 3.14.0
[9.512s] -- Searching for dependencies of ignition-common3
[9.512s] -- Looking for dlfcn.h - found
[9.512s] -- Looking for libdl - found
[9.562s] -- Searching for <ignition-common3> component [graphics]
[9.563s] -- Looking for ignition-common3-graphics -- found version 3.14.0
[9.563s] -- Searching for dependencies of ignition-common3-graphics
[9.563s] -- Looking for ignition-math6 -- found version 6.15.1
[9.564s] -- Looking for ignition-fuel_tools4 -- found version 4.4.0
[9.564s] -- Searching for dependencies of ignition-fuel_tools4
[10.279s] -- Checking for module 'jsoncpp'
[10.285s] --   Found jsoncpp, version 1.9.5
[10.304s] -- Checking for module 'libzip'
[10.310s] --   Found libzip, version 1.7.3
[10.327s] -- Looking for ignition-common3 -- found version 3.14.0
[10.328s] -- Looking for ignition-math6 -- found version 6.15.1
[10.328s] -- Looking for ignition-msgs5 -- found version 5.8.1
[10.329s] -- Found gazebo_ros_pkgs: 3.7.0 (/opt/ros/humble/share/gazebo_ros_pkgs/cmake)
[10.330s] -- Found geometry_msgs: 4.2.3 (/opt/ros/humble/share/geometry_msgs/cmake)
[10.359s] -- Found rosidl_generator_c: 3.1.5 (/opt/ros/humble/share/rosidl_generator_c/cmake)
[10.361s] -- Found rosidl_adapter: 3.1.5 (/opt/ros/humble/share/rosidl_adapter/cmake)
[10.365s] -- Found rosidl_generator_cpp: 3.1.5 (/opt/ros/humble/share/rosidl_generator_cpp/cmake)
[10.372s] -- Using all available rosidl_typesupport_c: rosidl_typesupport_fastrtps_c;rosidl_typesupport_introspection_c
[10.384s] -- Using all available rosidl_typesupport_cpp: rosidl_typesupport_fastrtps_cpp;rosidl_typesupport_introspection_cpp
[10.460s] -- Found nav_msgs: 4.2.3 (/opt/ros/humble/share/nav_msgs/cmake)
[10.521s] -- Found rclcpp: 16.0.8 (/opt/ros/humble/share/rclcpp/cmake)
[10.555s] -- Found rmw_implementation_cmake: 6.1.1 (/opt/ros/humble/share/rmw_implementation_cmake/cmake)
[10.557s] -- Found rmw_fastrtps_cpp: 6.2.6 (/opt/ros/humble/share/rmw_fastrtps_cpp/cmake)
[13.321s] -- Using RMW implementation 'rmw_fastrtps_cpp' as default
[13.413s] -- Found sensor_msgs: 4.2.3 (/opt/ros/humble/share/sensor_msgs/cmake)
[13.476s] -- Found tf2: 0.25.6 (/opt/ros/humble/share/tf2/cmake)
[13.531s] -- Configuring done
[13.566s] -- Generating done
[13.567s] -- Build files have been written to: /home/midday/turtlebot3_ws/build/turtlebot3_gazebo
[13.585s] [35m[1mConsolidate compiler generated dependencies of target turtlebot3_drive[0m
[13.587s] [35m[1mConsolidate compiler generated dependencies of target obstacle1[0m
[13.587s] [35m[1mConsolidate compiler generated dependencies of target obstacle2[0m
[13.588s] [35m[1mConsolidate compiler generated dependencies of target obstacles[0m
[13.597s] [ 12%] [32mBuilding CXX object CMakeFiles/turtlebot3_drive.dir/src/turtlebot3_drive.cpp.o[0m
[13.617s] [ 25%] [32mBuilding CXX object CMakeFiles/obstacle2.dir/models/turtlebot3_dqn_world/obstacle_plugin/obstacle2.cc.o[0m
[13.617s] [ 37%] [32mBuilding CXX object CMakeFiles/obstacles.dir/models/turtlebot3_dqn_world/obstacle_plugin/obstacles.cc.o[0m
[13.618s] [ 50%] [32mBuilding CXX object CMakeFiles/obstacle1.dir/models/turtlebot3_dqn_world/obstacle_plugin/obstacle1.cc.o[0m
[23.380s] [ 62%] [32m[1mLinking CXX executable turtlebot3_drive[0m
[23.408s] [ 75%] [32m[1mLinking CXX shared library libobstacle2.so[0m
[23.416s] [ 87%] [32m[1mLinking CXX shared library libobstacles.so[0m
[23.457s] [100%] [32m[1mLinking CXX shared library libobstacle1.so[0m
[23.660s] [100%] Built target obstacle2
[23.664s] [100%] Built target obstacles
[23.687s] [100%] Built target obstacle1
[23.866s] [100%] Built target turtlebot3_drive
[23.874s] Invoked command in '/home/midday/turtlebot3_ws/build/turtlebot3_gazebo' returned '0': CMAKE_PREFIX_PATH=${CMAKE_PREFIX_PATH}:/home/midday/turtlebot3_ws/install/turtlebot3_teleop:/home/midday/turtlebot3_ws/install/turtlebot3_example:/opt/ros/humble /usr/bin/cmake --build /home/midday/turtlebot3_ws/build/turtlebot3_gazebo -- -j12 -l12
[23.894s] Invoking command in '/home/midday/turtlebot3_ws/build/turtlebot3_gazebo': CMAKE_PREFIX_PATH=${CMAKE_PREFIX_PATH}:/home/midday/turtlebot3_ws/install/turtlebot3_teleop:/home/midday/turtlebot3_ws/install/turtlebot3_example:/opt/ros/humble /usr/bin/cmake --install /home/midday/turtlebot3_ws/build/turtlebot3_gazebo
[23.898s] -- Install configuration: ""
[23.898s] -- Execute custom install script
[23.899s] -- Up-to-date symlink: /home/midday/turtlebot3_ws/install/turtlebot3_gazebo/lib/turtlebot3_gazebo/turtlebot3_drive
[23.899s] -- Up-to-date symlink: /home/midday/turtlebot3_ws/install/turtlebot3_gazebo/share/turtlebot3_gazebo//launch/empty_world.launch.py
[23.899s] -- Up-to-date symlink: /home/midday/turtlebot3_ws/install/turtlebot3_gazebo/share/turtlebot3_gazebo//launch/robot_state_publisher.launch.py
[23.899s] -- Up-to-date symlink: /home/midday/turtlebot3_ws/install/turtlebot3_gazebo/share/turtlebot3_gazebo//launch/spawn_turtlebot3.launch.py
[23.899s] -- Up-to-date symlink: /home/midday/turtlebot3_ws/install/turtlebot3_gazebo/share/turtlebot3_gazebo//launch/turtlebot3_dqn_stage1.launch.py
[23.899s] -- Up-to-date symlink: /home/midday/turtlebot3_ws/install/turtlebot3_gazebo/share/turtlebot3_gazebo//launch/turtlebot3_dqn_stage2.launch.py
[23.899s] -- Up-to-date symlink: /home/midday/turtlebot3_ws/install/turtlebot3_gazebo/share/turtlebot3_gazebo//launch/turtlebot3_dqn_stage3.launch.py
[23.899s] -- Up-to-date symlink: /home/midday/turtlebot3_ws/install/turtlebot3_gazebo/share/turtlebot3_gazebo//launch/turtlebot3_dqn_stage4.launch.py
[23.900s] -- Up-to-date symlink: /home/midday/turtlebot3_ws/install/turtlebot3_gazebo/share/turtlebot3_gazebo//launch/turtlebot3_house.launch.py
[23.900s] -- Up-to-date symlink: /home/midday/turtlebot3_ws/install/turtlebot3_gazebo/share/turtlebot3_gazebo//launch/turtlebot3_world.launch.py
[23.900s] -- Up-to-date symlink: /home/midday/turtlebot3_ws/install/turtlebot3_gazebo/share/turtlebot3_gazebo//models/turtlebot3_burger/model-1_4.sdf
[23.900s] -- Up-to-date symlink: /home/midday/turtlebot3_ws/install/turtlebot3_gazebo/share/turtlebot3_gazebo//models/turtlebot3_burger/model.config
[23.900s] -- Up-to-date symlink: /home/midday/turtlebot3_ws/install/turtlebot3_gazebo/share/turtlebot3_gazebo//models/turtlebot3_burger/model.sdf
[23.900s] -- Up-to-date symlink: /home/midday/turtlebot3_ws/install/turtlebot3_gazebo/share/turtlebot3_gazebo//models/turtlebot3_common/meshes/burger_base.dae
[23.900s] -- Up-to-date symlink: /home/midday/turtlebot3_ws/install/turtlebot3_gazebo/share/turtlebot3_gazebo//models/turtlebot3_common/meshes/lds.dae
[23.900s] -- Up-to-date symlink: /home/midday/turtlebot3_ws/install/turtlebot3_gazebo/share/turtlebot3_gazebo//models/turtlebot3_common/meshes/r200.dae
[23.901s] -- Up-to-date symlink: /home/midday/turtlebot3_ws/install/turtlebot3_gazebo/share/turtlebot3_gazebo//models/turtlebot3_common/meshes/tire.dae
[23.901s] -- Up-to-date symlink: /home/midday/turtlebot3_ws/install/turtlebot3_gazebo/share/turtlebot3_gazebo//models/turtlebot3_common/meshes/waffle_base.dae
[23.901s] -- Up-to-date symlink: /home/midday/turtlebot3_ws/install/turtlebot3_gazebo/share/turtlebot3_gazebo//models/turtlebot3_common/meshes/waffle_pi_base.dae
[23.901s] -- Up-to-date symlink: /home/midday/turtlebot3_ws/install/turtlebot3_gazebo/share/turtlebot3_gazebo//models/turtlebot3_common/model.config
[23.901s] -- Up-to-date symlink: /home/midday/turtlebot3_ws/install/turtlebot3_gazebo/share/turtlebot3_gazebo//models/turtlebot3_dqn_world/goal_box/model.config
[23.901s] -- Up-to-date symlink: /home/midday/turtlebot3_ws/install/turtlebot3_gazebo/share/turtlebot3_gazebo//models/turtlebot3_dqn_world/goal_box/model.sdf
[23.901s] -- Up-to-date symlink: /home/midday/turtlebot3_ws/install/turtlebot3_gazebo/share/turtlebot3_gazebo//models/turtlebot3_dqn_world/inner_walls/model.config
[23.901s] -- Up-to-date symlink: /home/midday/turtlebot3_ws/install/turtlebot3_gazebo/share/turtlebot3_gazebo//models/turtlebot3_dqn_world/inner_walls/model.sdf
[23.901s] -- Up-to-date symlink: /home/midday/turtlebot3_ws/install/turtlebot3_gazebo/share/turtlebot3_gazebo//models/turtlebot3_dqn_world/model.config
[23.901s] -- Up-to-date symlink: /home/midday/turtlebot3_ws/install/turtlebot3_gazebo/share/turtlebot3_gazebo//models/turtlebot3_dqn_world/model.sdf
[23.902s] -- Up-to-date symlink: /home/midday/turtlebot3_ws/install/turtlebot3_gazebo/share/turtlebot3_gazebo//models/turtlebot3_dqn_world/obstacle1/model.config
[23.902s] -- Up-to-date symlink: /home/midday/turtlebot3_ws/install/turtlebot3_gazebo/share/turtlebot3_gazebo//models/turtlebot3_dqn_world/obstacle1/model.sdf
[23.902s] -- Up-to-date symlink: /home/midday/turtlebot3_ws/install/turtlebot3_gazebo/share/turtlebot3_gazebo//models/turtlebot3_dqn_world/obstacle2/model.config
[23.902s] -- Up-to-date symlink: /home/midday/turtlebot3_ws/install/turtlebot3_gazebo/share/turtlebot3_gazebo//models/turtlebot3_dqn_world/obstacle2/model.sdf
[23.902s] -- Up-to-date symlink: /home/midday/turtlebot3_ws/install/turtlebot3_gazebo/share/turtlebot3_gazebo//models/turtlebot3_dqn_world/obstacle_plugin/CMakeLists.txt
[23.902s] -- Up-to-date symlink: /home/midday/turtlebot3_ws/install/turtlebot3_gazebo/share/turtlebot3_gazebo//models/turtlebot3_dqn_world/obstacle_plugin/obstacle1.cc
[23.902s] -- Up-to-date symlink: /home/midday/turtlebot3_ws/install/turtlebot3_gazebo/share/turtlebot3_gazebo//models/turtlebot3_dqn_world/obstacle_plugin/obstacle2.cc
[23.902s] -- Up-to-date symlink: /home/midday/turtlebot3_ws/install/turtlebot3_gazebo/share/turtlebot3_gazebo//models/turtlebot3_dqn_world/obstacle_plugin/obstacles.cc
[23.903s] -- Up-to-date symlink: /home/midday/turtlebot3_ws/install/turtlebot3_gazebo/share/turtlebot3_gazebo//models/turtlebot3_dqn_world/obstacles/model.config
[23.903s] -- Up-to-date symlink: /home/midday/turtlebot3_ws/install/turtlebot3_gazebo/share/turtlebot3_gazebo//models/turtlebot3_dqn_world/obstacles/model.sdf
[23.903s] -- Up-to-date symlink: /home/midday/turtlebot3_ws/install/turtlebot3_gazebo/share/turtlebot3_gazebo//models/turtlebot3_house/model.config
[23.903s] -- Up-to-date symlink: /home/midday/turtlebot3_ws/install/turtlebot3_gazebo/share/turtlebot3_gazebo//models/turtlebot3_house/model.sdf
[23.903s] -- Up-to-date symlink: /home/midday/turtlebot3_ws/install/turtlebot3_gazebo/share/turtlebot3_gazebo//models/turtlebot3_waffle/model-1_4.sdf
[23.903s] -- Up-to-date symlink: /home/midday/turtlebot3_ws/install/turtlebot3_gazebo/share/turtlebot3_gazebo//models/turtlebot3_waffle/model.config
[23.903s] -- Up-to-date symlink: /home/midday/turtlebot3_ws/install/turtlebot3_gazebo/share/turtlebot3_gazebo//models/turtlebot3_waffle/model.sdf
[23.903s] -- Up-to-date symlink: /home/midday/turtlebot3_ws/install/turtlebot3_gazebo/share/turtlebot3_gazebo//models/turtlebot3_waffle_pi/model-1_4_.sdf
[23.904s] -- Up-to-date symlink: /home/midday/turtlebot3_ws/install/turtlebot3_gazebo/share/turtlebot3_gazebo//models/turtlebot3_waffle_pi/model.config
[23.904s] -- Up-to-date symlink: /home/midday/turtlebot3_ws/install/turtlebot3_gazebo/share/turtlebot3_gazebo//models/turtlebot3_waffle_pi/model.sdf
[23.904s] -- Up-to-date symlink: /home/midday/turtlebot3_ws/install/turtlebot3_gazebo/share/turtlebot3_gazebo//models/turtlebot3_world/meshes/hexagon.dae
[23.904s] -- Up-to-date symlink: /home/midday/turtlebot3_ws/install/turtlebot3_gazebo/share/turtlebot3_gazebo//models/turtlebot3_world/meshes/wall.dae
[23.904s] -- Up-to-date symlink: /home/midday/turtlebot3_ws/install/turtlebot3_gazebo/share/turtlebot3_gazebo//models/turtlebot3_world/model-1_4.sdf
[23.904s] -- Up-to-date symlink: /home/midday/turtlebot3_ws/install/turtlebot3_gazebo/share/turtlebot3_gazebo//models/turtlebot3_world/model.config
[23.904s] -- Up-to-date symlink: /home/midday/turtlebot3_ws/install/turtlebot3_gazebo/share/turtlebot3_gazebo//models/turtlebot3_world/model.sdf
[23.904s] -- Up-to-date symlink: /home/midday/turtlebot3_ws/install/turtlebot3_gazebo/share/turtlebot3_gazebo//rviz/tb3_gazebo.rviz
[23.904s] -- Up-to-date symlink: /home/midday/turtlebot3_ws/install/turtlebot3_gazebo/share/turtlebot3_gazebo//urdf/common_properties.urdf
[23.904s] -- Up-to-date symlink: /home/midday/turtlebot3_ws/install/turtlebot3_gazebo/share/turtlebot3_gazebo//urdf/turtlebot3_burger.urdf
[23.904s] -- Up-to-date symlink: /home/midday/turtlebot3_ws/install/turtlebot3_gazebo/share/turtlebot3_gazebo//urdf/turtlebot3_waffle.urdf
[23.904s] -- Up-to-date symlink: /home/midday/turtlebot3_ws/install/turtlebot3_gazebo/share/turtlebot3_gazebo//urdf/turtlebot3_waffle_pi.urdf
[23.905s] -- Up-to-date symlink: /home/midday/turtlebot3_ws/install/turtlebot3_gazebo/share/turtlebot3_gazebo//worlds/empty_world.world
[23.905s] -- Up-to-date symlink: /home/midday/turtlebot3_ws/install/turtlebot3_gazebo/share/turtlebot3_gazebo//worlds/turtlebot3_dqn_stage1.world
[23.905s] -- Up-to-date symlink: /home/midday/turtlebot3_ws/install/turtlebot3_gazebo/share/turtlebot3_gazebo//worlds/turtlebot3_dqn_stage2.world
[23.905s] -- Up-to-date symlink: /home/midday/turtlebot3_ws/install/turtlebot3_gazebo/share/turtlebot3_gazebo//worlds/turtlebot3_dqn_stage3.world
[23.905s] -- Up-to-date symlink: /home/midday/turtlebot3_ws/install/turtlebot3_gazebo/share/turtlebot3_gazebo//worlds/turtlebot3_dqn_stage4.world
[23.905s] -- Up-to-date symlink: /home/midday/turtlebot3_ws/install/turtlebot3_gazebo/share/turtlebot3_gazebo//worlds/turtlebot3_house.world
[23.905s] -- Up-to-date symlink: /home/midday/turtlebot3_ws/install/turtlebot3_gazebo/share/turtlebot3_gazebo//worlds/turtlebot3_world.world
[23.906s] -- Up-to-date symlink: /home/midday/turtlebot3_ws/install/turtlebot3_gazebo/include//turtlebot3_gazebo/turtlebot3_drive.hpp
[23.906s] -- Up-to-date symlink: /home/midday/turtlebot3_ws/install/turtlebot3_gazebo/share/ament_index/resource_index/package_run_dependencies/turtlebot3_gazebo
[23.906s] -- Up-to-date symlink: /home/midday/turtlebot3_ws/install/turtlebot3_gazebo/share/ament_index/resource_index/parent_prefix_path/turtlebot3_gazebo
[23.906s] -- Up-to-date symlink: /home/midday/turtlebot3_ws/install/turtlebot3_gazebo/share/turtlebot3_gazebo/environment/ament_prefix_path.sh
[23.906s] -- Up-to-date symlink: /home/midday/turtlebot3_ws/install/turtlebot3_gazebo/share/turtlebot3_gazebo/environment/ament_prefix_path.dsv
[23.906s] -- Up-to-date symlink: /home/midday/turtlebot3_ws/install/turtlebot3_gazebo/share/turtlebot3_gazebo/environment/path.sh
[23.906s] -- Up-to-date symlink: /home/midday/turtlebot3_ws/install/turtlebot3_gazebo/share/turtlebot3_gazebo/environment/path.dsv
[23.907s] -- Up-to-date symlink: /home/midday/turtlebot3_ws/install/turtlebot3_gazebo/share/turtlebot3_gazebo/local_setup.bash
[23.907s] -- Up-to-date symlink: /home/midday/turtlebot3_ws/install/turtlebot3_gazebo/share/turtlebot3_gazebo/local_setup.sh
[23.907s] -- Up-to-date symlink: /home/midday/turtlebot3_ws/install/turtlebot3_gazebo/share/turtlebot3_gazebo/local_setup.zsh
[23.907s] -- Up-to-date symlink: /home/midday/turtlebot3_ws/install/turtlebot3_gazebo/share/turtlebot3_gazebo/local_setup.dsv
[23.907s] -- Symlinking: /home/midday/turtlebot3_ws/install/turtlebot3_gazebo/share/turtlebot3_gazebo/package.dsv
[23.914s] -- Up-to-date symlink: /home/midday/turtlebot3_ws/install/turtlebot3_gazebo/share/ament_index/resource_index/packages/turtlebot3_gazebo
[23.914s] -- Up-to-date symlink: /home/midday/turtlebot3_ws/install/turtlebot3_gazebo/share/turtlebot3_gazebo/cmake/ament_cmake_export_include_directories-extras.cmake
[23.914s] -- Up-to-date symlink: /home/midday/turtlebot3_ws/install/turtlebot3_gazebo/share/turtlebot3_gazebo/cmake/ament_cmake_export_dependencies-extras.cmake
[23.914s] -- Up-to-date symlink: /home/midday/turtlebot3_ws/install/turtlebot3_gazebo/share/turtlebot3_gazebo/cmake/turtlebot3_gazeboConfig.cmake
[23.914s] -- Up-to-date symlink: /home/midday/turtlebot3_ws/install/turtlebot3_gazebo/share/turtlebot3_gazebo/cmake/turtlebot3_gazeboConfig-version.cmake
[23.914s] -- Up-to-date symlink: /home/midday/turtlebot3_ws/install/turtlebot3_gazebo/share/turtlebot3_gazebo/package.xml
[23.916s] Invoked command in '/home/midday/turtlebot3_ws/build/turtlebot3_gazebo' returned '0': CMAKE_PREFIX_PATH=${CMAKE_PREFIX_PATH}:/home/midday/turtlebot3_ws/install/turtlebot3_teleop:/home/midday/turtlebot3_ws/install/turtlebot3_example:/opt/ros/humble /usr/bin/cmake --install /home/midday/turtlebot3_ws/build/turtlebot3_gazebo
