[0.288s] Invoking command in '/home/midday/turtlebot3_ws/src/build/turtlebot3_node': AMENT_PREFIX_PATH=/home/midday/turtlebot3_ws/src/install/turtlebot3_msgs:/home/midday/turtlebot3_ws/src/install/dynamixel_sdk:${AMENT_PREFIX_PATH} CMAKE_PREFIX_PATH=/home/midday/turtlebot3_ws/src/install/turtlebot3_msgs:/home/midday/turtlebot3_ws/src/install/dynamixel_sdk:/home/midday/turtlebot3_ws/install/turtlebot3:/home/midday/turtlebot3_ws/install/turtlebot3_simulations:/home/midday/turtlebot3_ws/install/turtlebot3_bringup:/home/midday/turtlebot3_ws/install/turtlebot3_node:/home/midday/turtlebot3_ws/install/turtlebot3_navigation2:/home/midday/turtlebot3_ws/install/turtlebot3_fake_node:/home/midday/turtlebot3_ws/install/turtlebot3_msgs:/home/midday/turtlebot3_ws/install/turtlebot3_gazebo:/home/midday/turtlebot3_ws/install/turtlebot3_description:/home/midday/turtlebot3_ws/install/turtlebot3_cartographer:/home/midday/turtlebot3_ws/install/dynamixel_sdk_examples:/home/midday/turtlebot3_ws/install/dynamixel_sdk_custom_interfaces:/home/midday/turtlebot3_ws/install/dynamixel_sdk:/home/midday/turtlebot3_ws/install/turtlebot3_teleop:/home/midday/turtlebot3_ws/install/turtlebot3_example:/opt/ros/humble LD_LIBRARY_PATH=/home/midday/turtlebot3_ws/src/install/turtlebot3_msgs/lib:/home/midday/turtlebot3_ws/src/install/dynamixel_sdk/lib:/home/midday/turtlebot3_ws/install/turtlebot3_msgs/lib:/home/midday/turtlebot3_ws/install/dynamixel_sdk_custom_interfaces/lib:/home/midday/turtlebot3_ws/install/dynamixel_sdk/lib:/usr/lib/x86_64-linux-gnu/gazebo-11/plugins:/opt/ros/humble/opt/rviz_ogre_vendor/lib:/opt/ros/humble/lib/x86_64-linux-gnu:/opt/ros/humble/lib:/usr/share/gazebo/../../lib/x86_64-linux-gnu/gazebo-11/plugins:/usr/share/gazebo/../../lib/x86_64-linux-gnu/gazebo-11/plugins:/usr/share/gazebo/../../lib/x86_64-linux-gnu/gazebo-11/plugins PYTHONPATH=/home/midday/turtlebot3_ws/src/install/turtlebot3_msgs/local/lib/python3.10/dist-packages:${PYTHONPATH} /usr/bin/cmake /home/midday/turtlebot3_ws/src/turtlebot3/turtlebot3_node -DAMENT_CMAKE_SYMLINK_INSTALL=1 -DCMAKE_INSTALL_PREFIX=/home/midday/turtlebot3_ws/src/install/turtlebot3_node
[0.379s] -- The C compiler identification is GNU 11.4.0
[0.646s] -- The CXX compiler identification is GNU 11.4.0
[0.869s] -- Detecting C compiler ABI info
[0.969s] -- Detecting C compiler ABI info - done
[0.977s] -- Check for working C compiler: /usr/bin/cc - skipped
[0.978s] -- Detecting C compile features
[0.978s] -- Detecting C compile features - done
[0.981s] -- Detecting CXX compiler ABI info
[1.092s] -- Detecting CXX compiler ABI info - done
[1.098s] -- Check for working CXX compiler: /usr/bin/c++ - skipped
[1.098s] -- Detecting CXX compile features
[1.098s] -- Detecting CXX compile features - done
[1.101s] -- Found ament_cmake: 1.3.8 (/opt/ros/humble/share/ament_cmake/cmake)
[1.237s] -- Found Python3: /usr/bin/python3 (found version "3.10.12") found components: Interpreter 
[1.296s] -- Override CMake install command with custom implementation using symlinks instead of copying resources
[1.327s] -- Found dynamixel_sdk: 3.7.60 (/home/midday/turtlebot3_ws/src/install/dynamixel_sdk/share/dynamixel_sdk/cmake)
[1.329s] -- Found geometry_msgs: 4.2.3 (/opt/ros/humble/share/geometry_msgs/cmake)
[1.456s] -- Found rosidl_generator_c: 3.1.5 (/opt/ros/humble/share/rosidl_generator_c/cmake)
[1.461s] -- Found rosidl_adapter: 3.1.5 (/opt/ros/humble/share/rosidl_adapter/cmake)
[1.470s] -- Found rosidl_generator_cpp: 3.1.5 (/opt/ros/humble/share/rosidl_generator_cpp/cmake)
[1.484s] -- Using all available rosidl_typesupport_c: rosidl_typesupport_fastrtps_c;rosidl_typesupport_introspection_c
[1.507s] -- Using all available rosidl_typesupport_cpp: rosidl_typesupport_fastrtps_cpp;rosidl_typesupport_introspection_cpp
[1.615s] -- Found message_filters: 4.3.3 (/opt/ros/humble/share/message_filters/cmake)
[1.674s] -- Found rmw_implementation_cmake: 6.1.1 (/opt/ros/humble/share/rmw_implementation_cmake/cmake)
[1.677s] -- Found rmw_fastrtps_cpp: 6.2.6 (/opt/ros/humble/share/rmw_fastrtps_cpp/cmake)
[2.687s] -- Found OpenSSL: /usr/lib/x86_64-linux-gnu/libcrypto.so (found version "3.0.2")  
[3.730s] -- Found FastRTPS: /opt/ros/humble/include  
[5.589s] -- Using RMW implementation 'rmw_fastrtps_cpp' as default
[5.598s] -- Looking for pthread.h
[5.695s] -- Looking for pthread.h - found
[5.695s] -- Performing Test CMAKE_HAVE_LIBC_PTHREAD
[5.796s] -- Performing Test CMAKE_HAVE_LIBC_PTHREAD - Success
[5.797s] -- Found Threads: TRUE  
[5.921s] -- Found nav_msgs: 4.2.3 (/opt/ros/humble/share/nav_msgs/cmake)
[5.996s] -- Found sensor_msgs: 4.2.3 (/opt/ros/humble/share/sensor_msgs/cmake)
[6.080s] -- Found std_srvs: 4.2.3 (/opt/ros/humble/share/std_srvs/cmake)
[6.104s] -- Found tf2: 0.25.6 (/opt/ros/humble/share/tf2/cmake)
[6.118s] -- Found tf2_ros: 0.25.6 (/opt/ros/humble/share/tf2_ros/cmake)
[6.417s] -- Found turtlebot3_msgs: 2.2.3 (/home/midday/turtlebot3_ws/src/install/turtlebot3_msgs/share/turtlebot3_msgs/cmake)
[6.556s] -- Configuring done
[6.573s] -- Generating done
[6.574s] -- Build files have been written to: /home/midday/turtlebot3_ws/src/build/turtlebot3_node
[6.586s] Invoked command in '/home/midday/turtlebot3_ws/src/build/turtlebot3_node' returned '0': AMENT_PREFIX_PATH=/home/midday/turtlebot3_ws/src/install/turtlebot3_msgs:/home/midday/turtlebot3_ws/src/install/dynamixel_sdk:${AMENT_PREFIX_PATH} CMAKE_PREFIX_PATH=/home/midday/turtlebot3_ws/src/install/turtlebot3_msgs:/home/midday/turtlebot3_ws/src/install/dynamixel_sdk:/home/midday/turtlebot3_ws/install/turtlebot3:/home/midday/turtlebot3_ws/install/turtlebot3_simulations:/home/midday/turtlebot3_ws/install/turtlebot3_bringup:/home/midday/turtlebot3_ws/install/turtlebot3_node:/home/midday/turtlebot3_ws/install/turtlebot3_navigation2:/home/midday/turtlebot3_ws/install/turtlebot3_fake_node:/home/midday/turtlebot3_ws/install/turtlebot3_msgs:/home/midday/turtlebot3_ws/install/turtlebot3_gazebo:/home/midday/turtlebot3_ws/install/turtlebot3_description:/home/midday/turtlebot3_ws/install/turtlebot3_cartographer:/home/midday/turtlebot3_ws/install/dynamixel_sdk_examples:/home/midday/turtlebot3_ws/install/dynamixel_sdk_custom_interfaces:/home/midday/turtlebot3_ws/install/dynamixel_sdk:/home/midday/turtlebot3_ws/install/turtlebot3_teleop:/home/midday/turtlebot3_ws/install/turtlebot3_example:/opt/ros/humble LD_LIBRARY_PATH=/home/midday/turtlebot3_ws/src/install/turtlebot3_msgs/lib:/home/midday/turtlebot3_ws/src/install/dynamixel_sdk/lib:/home/midday/turtlebot3_ws/install/turtlebot3_msgs/lib:/home/midday/turtlebot3_ws/install/dynamixel_sdk_custom_interfaces/lib:/home/midday/turtlebot3_ws/install/dynamixel_sdk/lib:/usr/lib/x86_64-linux-gnu/gazebo-11/plugins:/opt/ros/humble/opt/rviz_ogre_vendor/lib:/opt/ros/humble/lib/x86_64-linux-gnu:/opt/ros/humble/lib:/usr/share/gazebo/../../lib/x86_64-linux-gnu/gazebo-11/plugins:/usr/share/gazebo/../../lib/x86_64-linux-gnu/gazebo-11/plugins:/usr/share/gazebo/../../lib/x86_64-linux-gnu/gazebo-11/plugins PYTHONPATH=/home/midday/turtlebot3_ws/src/install/turtlebot3_msgs/local/lib/python3.10/dist-packages:${PYTHONPATH} /usr/bin/cmake /home/midday/turtlebot3_ws/src/turtlebot3/turtlebot3_node -DAMENT_CMAKE_SYMLINK_INSTALL=1 -DCMAKE_INSTALL_PREFIX=/home/midday/turtlebot3_ws/src/install/turtlebot3_node
[6.587s] Invoking command in '/home/midday/turtlebot3_ws/src/build/turtlebot3_node': AMENT_PREFIX_PATH=/home/midday/turtlebot3_ws/src/install/turtlebot3_msgs:/home/midday/turtlebot3_ws/src/install/dynamixel_sdk:${AMENT_PREFIX_PATH} CMAKE_PREFIX_PATH=/home/midday/turtlebot3_ws/src/install/turtlebot3_msgs:/home/midday/turtlebot3_ws/src/install/dynamixel_sdk:/home/midday/turtlebot3_ws/install/turtlebot3:/home/midday/turtlebot3_ws/install/turtlebot3_simulations:/home/midday/turtlebot3_ws/install/turtlebot3_bringup:/home/midday/turtlebot3_ws/install/turtlebot3_node:/home/midday/turtlebot3_ws/install/turtlebot3_navigation2:/home/midday/turtlebot3_ws/install/turtlebot3_fake_node:/home/midday/turtlebot3_ws/install/turtlebot3_msgs:/home/midday/turtlebot3_ws/install/turtlebot3_gazebo:/home/midday/turtlebot3_ws/install/turtlebot3_description:/home/midday/turtlebot3_ws/install/turtlebot3_cartographer:/home/midday/turtlebot3_ws/install/dynamixel_sdk_examples:/home/midday/turtlebot3_ws/install/dynamixel_sdk_custom_interfaces:/home/midday/turtlebot3_ws/install/dynamixel_sdk:/home/midday/turtlebot3_ws/install/turtlebot3_teleop:/home/midday/turtlebot3_ws/install/turtlebot3_example:/opt/ros/humble LD_LIBRARY_PATH=/home/midday/turtlebot3_ws/src/install/turtlebot3_msgs/lib:/home/midday/turtlebot3_ws/src/install/dynamixel_sdk/lib:/home/midday/turtlebot3_ws/install/turtlebot3_msgs/lib:/home/midday/turtlebot3_ws/install/dynamixel_sdk_custom_interfaces/lib:/home/midday/turtlebot3_ws/install/dynamixel_sdk/lib:/usr/lib/x86_64-linux-gnu/gazebo-11/plugins:/opt/ros/humble/opt/rviz_ogre_vendor/lib:/opt/ros/humble/lib/x86_64-linux-gnu:/opt/ros/humble/lib:/usr/share/gazebo/../../lib/x86_64-linux-gnu/gazebo-11/plugins:/usr/share/gazebo/../../lib/x86_64-linux-gnu/gazebo-11/plugins:/usr/share/gazebo/../../lib/x86_64-linux-gnu/gazebo-11/plugins PYTHONPATH=/home/midday/turtlebot3_ws/src/install/turtlebot3_msgs/local/lib/python3.10/dist-packages:${PYTHONPATH} /usr/bin/cmake --build /home/midday/turtlebot3_ws/src/build/turtlebot3_node -- -j12 -l12
[6.629s] [  7%] [32mBuilding CXX object CMakeFiles/turtlebot3_node_lib.dir/src/dynamixel_sdk_wrapper.cpp.o[0m
[6.629s] [ 14%] [32mBuilding CXX object CMakeFiles/turtlebot3_node_lib.dir/src/diff_drive_controller.cpp.o[0m
[6.629s] [ 28%] [32mBuilding CXX object CMakeFiles/turtlebot3_node_lib.dir/src/turtlebot3.cpp.o[0m
[6.629s] [ 28%] [32mBuilding CXX object CMakeFiles/turtlebot3_node_lib.dir/src/odometry.cpp.o[0m
[6.630s] [ 42%] [32mBuilding CXX object CMakeFiles/turtlebot3_node_lib.dir/src/devices/motor_power.cpp.o[0m
[6.630s] [ 42%] [32mBuilding CXX object CMakeFiles/turtlebot3_node_lib.dir/src/devices/reset.cpp.o[0m
[6.631s] [ 50%] [32mBuilding CXX object CMakeFiles/turtlebot3_node_lib.dir/src/devices/sound.cpp.o[0m
[6.636s] [ 64%] [32mBuilding CXX object CMakeFiles/turtlebot3_node_lib.dir/src/sensors/imu.cpp.o[0m
[6.636s] [ 64%] [32mBuilding CXX object CMakeFiles/turtlebot3_node_lib.dir/src/sensors/battery_state.cpp.o[0m
[6.636s] [ 71%] [32mBuilding CXX object CMakeFiles/turtlebot3_node_lib.dir/src/sensors/sensor_state.cpp.o[0m
[6.639s] [ 78%] [32mBuilding CXX object CMakeFiles/turtlebot3_node_lib.dir/src/sensors/joint_state.cpp.o[0m
[25.709s] [ 85%] [32m[1mLinking CXX static library libturtlebot3_node_lib.a[0m
[26.146s] [ 85%] Built target turtlebot3_node_lib
[26.168s] [ 92%] [32mBuilding CXX object CMakeFiles/turtlebot3_ros.dir/src/node_main.cpp.o[0m
[29.755s] [100%] [32m[1mLinking CXX executable turtlebot3_ros[0m
[31.708s] [100%] Built target turtlebot3_ros
[31.721s] Invoked command in '/home/midday/turtlebot3_ws/src/build/turtlebot3_node' returned '0': AMENT_PREFIX_PATH=/home/midday/turtlebot3_ws/src/install/turtlebot3_msgs:/home/midday/turtlebot3_ws/src/install/dynamixel_sdk:${AMENT_PREFIX_PATH} CMAKE_PREFIX_PATH=/home/midday/turtlebot3_ws/src/install/turtlebot3_msgs:/home/midday/turtlebot3_ws/src/install/dynamixel_sdk:/home/midday/turtlebot3_ws/install/turtlebot3:/home/midday/turtlebot3_ws/install/turtlebot3_simulations:/home/midday/turtlebot3_ws/install/turtlebot3_bringup:/home/midday/turtlebot3_ws/install/turtlebot3_node:/home/midday/turtlebot3_ws/install/turtlebot3_navigation2:/home/midday/turtlebot3_ws/install/turtlebot3_fake_node:/home/midday/turtlebot3_ws/install/turtlebot3_msgs:/home/midday/turtlebot3_ws/install/turtlebot3_gazebo:/home/midday/turtlebot3_ws/install/turtlebot3_description:/home/midday/turtlebot3_ws/install/turtlebot3_cartographer:/home/midday/turtlebot3_ws/install/dynamixel_sdk_examples:/home/midday/turtlebot3_ws/install/dynamixel_sdk_custom_interfaces:/home/midday/turtlebot3_ws/install/dynamixel_sdk:/home/midday/turtlebot3_ws/install/turtlebot3_teleop:/home/midday/turtlebot3_ws/install/turtlebot3_example:/opt/ros/humble LD_LIBRARY_PATH=/home/midday/turtlebot3_ws/src/install/turtlebot3_msgs/lib:/home/midday/turtlebot3_ws/src/install/dynamixel_sdk/lib:/home/midday/turtlebot3_ws/install/turtlebot3_msgs/lib:/home/midday/turtlebot3_ws/install/dynamixel_sdk_custom_interfaces/lib:/home/midday/turtlebot3_ws/install/dynamixel_sdk/lib:/usr/lib/x86_64-linux-gnu/gazebo-11/plugins:/opt/ros/humble/opt/rviz_ogre_vendor/lib:/opt/ros/humble/lib/x86_64-linux-gnu:/opt/ros/humble/lib:/usr/share/gazebo/../../lib/x86_64-linux-gnu/gazebo-11/plugins:/usr/share/gazebo/../../lib/x86_64-linux-gnu/gazebo-11/plugins:/usr/share/gazebo/../../lib/x86_64-linux-gnu/gazebo-11/plugins PYTHONPATH=/home/midday/turtlebot3_ws/src/install/turtlebot3_msgs/local/lib/python3.10/dist-packages:${PYTHONPATH} /usr/bin/cmake --build /home/midday/turtlebot3_ws/src/build/turtlebot3_node -- -j12 -l12
[31.757s] Invoking command in '/home/midday/turtlebot3_ws/src/build/turtlebot3_node': AMENT_PREFIX_PATH=/home/midday/turtlebot3_ws/src/install/turtlebot3_msgs:/home/midday/turtlebot3_ws/src/install/dynamixel_sdk:${AMENT_PREFIX_PATH} CMAKE_PREFIX_PATH=/home/midday/turtlebot3_ws/src/install/turtlebot3_msgs:/home/midday/turtlebot3_ws/src/install/dynamixel_sdk:/home/midday/turtlebot3_ws/install/turtlebot3:/home/midday/turtlebot3_ws/install/turtlebot3_simulations:/home/midday/turtlebot3_ws/install/turtlebot3_bringup:/home/midday/turtlebot3_ws/install/turtlebot3_node:/home/midday/turtlebot3_ws/install/turtlebot3_navigation2:/home/midday/turtlebot3_ws/install/turtlebot3_fake_node:/home/midday/turtlebot3_ws/install/turtlebot3_msgs:/home/midday/turtlebot3_ws/install/turtlebot3_gazebo:/home/midday/turtlebot3_ws/install/turtlebot3_description:/home/midday/turtlebot3_ws/install/turtlebot3_cartographer:/home/midday/turtlebot3_ws/install/dynamixel_sdk_examples:/home/midday/turtlebot3_ws/install/dynamixel_sdk_custom_interfaces:/home/midday/turtlebot3_ws/install/dynamixel_sdk:/home/midday/turtlebot3_ws/install/turtlebot3_teleop:/home/midday/turtlebot3_ws/install/turtlebot3_example:/opt/ros/humble LD_LIBRARY_PATH=/home/midday/turtlebot3_ws/src/install/turtlebot3_msgs/lib:/home/midday/turtlebot3_ws/src/install/dynamixel_sdk/lib:/home/midday/turtlebot3_ws/install/turtlebot3_msgs/lib:/home/midday/turtlebot3_ws/install/dynamixel_sdk_custom_interfaces/lib:/home/midday/turtlebot3_ws/install/dynamixel_sdk/lib:/usr/lib/x86_64-linux-gnu/gazebo-11/plugins:/opt/ros/humble/opt/rviz_ogre_vendor/lib:/opt/ros/humble/lib/x86_64-linux-gnu:/opt/ros/humble/lib:/usr/share/gazebo/../../lib/x86_64-linux-gnu/gazebo-11/plugins:/usr/share/gazebo/../../lib/x86_64-linux-gnu/gazebo-11/plugins:/usr/share/gazebo/../../lib/x86_64-linux-gnu/gazebo-11/plugins PYTHONPATH=/home/midday/turtlebot3_ws/src/install/turtlebot3_msgs/local/lib/python3.10/dist-packages:${PYTHONPATH} /usr/bin/cmake --install /home/midday/turtlebot3_ws/src/build/turtlebot3_node
[31.764s] -- Install configuration: ""
[31.764s] -- Execute custom install script
[31.765s] -- Symlinking: /home/midday/turtlebot3_ws/src/install/turtlebot3_node/share/turtlebot3_node/param/burger.yaml
[31.771s] -- Symlinking: /home/midday/turtlebot3_ws/src/install/turtlebot3_node/share/turtlebot3_node/param/waffle.yaml
[31.778s] -- Symlinking: /home/midday/turtlebot3_ws/src/install/turtlebot3_node/share/turtlebot3_node/param/waffle_pi.yaml
[31.787s] -- Symlinking: /home/midday/turtlebot3_ws/src/install/turtlebot3_node/lib/turtlebot3_node/turtlebot3_ros
[31.795s] -- Symlinking: /home/midday/turtlebot3_ws/src/install/turtlebot3_node/share/ament_index/resource_index/package_run_dependencies/turtlebot3_node
[31.802s] -- Symlinking: /home/midday/turtlebot3_ws/src/install/turtlebot3_node/share/ament_index/resource_index/parent_prefix_path/turtlebot3_node
[31.808s] -- Symlinking: /home/midday/turtlebot3_ws/src/install/turtlebot3_node/share/turtlebot3_node/environment/ament_prefix_path.sh
[31.816s] -- Symlinking: /home/midday/turtlebot3_ws/src/install/turtlebot3_node/share/turtlebot3_node/environment/ament_prefix_path.dsv
[31.824s] -- Symlinking: /home/midday/turtlebot3_ws/src/install/turtlebot3_node/share/turtlebot3_node/environment/path.sh
[31.830s] -- Symlinking: /home/midday/turtlebot3_ws/src/install/turtlebot3_node/share/turtlebot3_node/environment/path.dsv
[31.839s] -- Symlinking: /home/midday/turtlebot3_ws/src/install/turtlebot3_node/share/turtlebot3_node/local_setup.bash
[31.847s] -- Symlinking: /home/midday/turtlebot3_ws/src/install/turtlebot3_node/share/turtlebot3_node/local_setup.sh
[31.856s] -- Symlinking: /home/midday/turtlebot3_ws/src/install/turtlebot3_node/share/turtlebot3_node/local_setup.zsh
[31.862s] -- Symlinking: /home/midday/turtlebot3_ws/src/install/turtlebot3_node/share/turtlebot3_node/local_setup.dsv
[31.871s] -- Symlinking: /home/midday/turtlebot3_ws/src/install/turtlebot3_node/share/turtlebot3_node/package.dsv
[31.877s] -- Symlinking: /home/midday/turtlebot3_ws/src/install/turtlebot3_node/share/ament_index/resource_index/packages/turtlebot3_node
[31.885s] -- Symlinking: /home/midday/turtlebot3_ws/src/install/turtlebot3_node/share/turtlebot3_node/cmake/ament_cmake_export_include_directories-extras.cmake
[31.892s] -- Symlinking: /home/midday/turtlebot3_ws/src/install/turtlebot3_node/share/turtlebot3_node/cmake/turtlebot3_nodeConfig.cmake
[31.898s] -- Symlinking: /home/midday/turtlebot3_ws/src/install/turtlebot3_node/share/turtlebot3_node/cmake/turtlebot3_nodeConfig-version.cmake
[31.905s] -- Symlinking: /home/midday/turtlebot3_ws/src/install/turtlebot3_node/share/turtlebot3_node/package.xml
[31.914s] Invoked command in '/home/midday/turtlebot3_ws/src/build/turtlebot3_node' returned '0': AMENT_PREFIX_PATH=/home/midday/turtlebot3_ws/src/install/turtlebot3_msgs:/home/midday/turtlebot3_ws/src/install/dynamixel_sdk:${AMENT_PREFIX_PATH} CMAKE_PREFIX_PATH=/home/midday/turtlebot3_ws/src/install/turtlebot3_msgs:/home/midday/turtlebot3_ws/src/install/dynamixel_sdk:/home/midday/turtlebot3_ws/install/turtlebot3:/home/midday/turtlebot3_ws/install/turtlebot3_simulations:/home/midday/turtlebot3_ws/install/turtlebot3_bringup:/home/midday/turtlebot3_ws/install/turtlebot3_node:/home/midday/turtlebot3_ws/install/turtlebot3_navigation2:/home/midday/turtlebot3_ws/install/turtlebot3_fake_node:/home/midday/turtlebot3_ws/install/turtlebot3_msgs:/home/midday/turtlebot3_ws/install/turtlebot3_gazebo:/home/midday/turtlebot3_ws/install/turtlebot3_description:/home/midday/turtlebot3_ws/install/turtlebot3_cartographer:/home/midday/turtlebot3_ws/install/dynamixel_sdk_examples:/home/midday/turtlebot3_ws/install/dynamixel_sdk_custom_interfaces:/home/midday/turtlebot3_ws/install/dynamixel_sdk:/home/midday/turtlebot3_ws/install/turtlebot3_teleop:/home/midday/turtlebot3_ws/install/turtlebot3_example:/opt/ros/humble LD_LIBRARY_PATH=/home/midday/turtlebot3_ws/src/install/turtlebot3_msgs/lib:/home/midday/turtlebot3_ws/src/install/dynamixel_sdk/lib:/home/midday/turtlebot3_ws/install/turtlebot3_msgs/lib:/home/midday/turtlebot3_ws/install/dynamixel_sdk_custom_interfaces/lib:/home/midday/turtlebot3_ws/install/dynamixel_sdk/lib:/usr/lib/x86_64-linux-gnu/gazebo-11/plugins:/opt/ros/humble/opt/rviz_ogre_vendor/lib:/opt/ros/humble/lib/x86_64-linux-gnu:/opt/ros/humble/lib:/usr/share/gazebo/../../lib/x86_64-linux-gnu/gazebo-11/plugins:/usr/share/gazebo/../../lib/x86_64-linux-gnu/gazebo-11/plugins:/usr/share/gazebo/../../lib/x86_64-linux-gnu/gazebo-11/plugins PYTHONPATH=/home/midday/turtlebot3_ws/src/install/turtlebot3_msgs/local/lib/python3.10/dist-packages:${PYTHONPATH} /usr/bin/cmake --install /home/midday/turtlebot3_ws/src/build/turtlebot3_node
