[0.038s] Invoking command in '/home/midday/turtlebot3_ws/src/build/turtlebot3_gazebo': CMAKE_PREFIX_PATH=${CMAKE_PREFIX_PATH}:/home/midday/turtlebot3_ws/install/turtlebot3_teleop:/home/midday/turtlebot3_ws/install/turtlebot3_example:/opt/ros/humble /usr/bin/cmake /home/midday/turtlebot3_ws/src/turtlebot3_simulations/turtlebot3_gazebo -DAMENT_CMAKE_SYMLINK_INSTALL=1 -DCMAKE_INSTALL_PREFIX=/home/midday/turtlebot3_ws/src/install/turtlebot3_gazebo
[0.271s] -- The C compiler identification is GNU 11.4.0
[0.523s] -- The CXX compiler identification is GNU 11.4.0
[0.773s] -- Detecting C compiler ABI info
[0.880s] -- Detecting C compiler ABI info - done
[0.889s] -- Check for working C compiler: /usr/bin/cc - skipped
[0.889s] -- Detecting C compile features
[0.890s] -- Detecting C compile features - done
[0.893s] -- Detecting CXX compiler ABI info
[1.027s] -- Detecting CXX compiler ABI info - done
[1.031s] -- Check for working CXX compiler: /usr/bin/c++ - skipped
[1.031s] -- Detecting CXX compile features
[1.031s] -- Detecting CXX compile features - done
[1.034s] -- Found ament_cmake: 1.3.8 (/opt/ros/humble/share/ament_cmake/cmake)
[1.208s] -- Found Python3: /usr/bin/python3 (found version "3.10.12") found components: Interpreter 
[1.275s] -- Override CMake install command with custom implementation using symlinks instead of copying resources
[1.327s] [33mCMake Warning (dev) at /usr/share/cmake-3.22/Modules/FindPackageHandleStandardArgs.cmake:438 (message):
[1.327s]   The package name passed to `find_package_handle_standard_args` (PkgConfig)
[1.327s]   does not match the name of the calling package (gazebo).  This can lead to
[1.327s]   problems in calling code that expects `find_package` result variables
[1.327s]   (e.g., `_FOUND`) to follow a certain pattern.
[1.328s] Call Stack (most recent call first):
[1.328s]   /usr/share/cmake-3.22/Modules/FindPkgConfig.cmake:99 (find_package_handle_standard_args)
[1.328s]   /usr/lib/x86_64-linux-gnu/cmake/gazebo/gazebo-config.cmake:72 (include)
[1.328s]   CMakeLists.txt:23 (find_package)
[1.328s] This warning is for project developers.  Use -Wno-dev to suppress it.
[1.328s] [0m
[1.328s] -- Found PkgConfig: /usr/bin/pkg-config (found version "0.29.2") 
[1.331s] -- Checking for module 'bullet>=2.82'
[1.347s] --   Found bullet, version 3.05
[1.490s] -- Found fcl: /usr/include (found suitable version "0.7.0", minimum required is "0.5.0") 
[1.540s] -- Found assimp: /usr/include (found version "5.2.0") 
[1.628s] -- Found DART: /usr/include (Required is at least version "6.6") found components: dart 
[2.042s] -- Found Boost: /usr/lib/x86_64-linux-gnu/cmake/Boost-1.74.0/BoostConfig.cmake (found suitable version "1.74.0", minimum required is "1.40.0") found components: thread system filesystem program_options regex iostreams date_time 
[2.450s] -- Found Protobuf: /usr/lib/x86_64-linux-gnu/libprotobuf.so (found version "3.12.4") 
[2.457s] -- Looking for ignition-math6 -- found version 6.15.1
[2.468s] -- Searching for dependencies of ignition-math6
[2.471s] -- Looking for OGRE...
[2.471s] -- OGRE_PREFIX_WATCH changed.
[2.475s] -- Checking for module 'OGRE'
[2.486s] --   Found OGRE, version 1.9.0
[2.513s] -- Found Ogre Ghadamon (1.9.0)
[2.786s] -- Found OGRE: optimized;/usr/lib/x86_64-linux-gnu/libOgreMain.so;debug;/usr/lib/x86_64-linux-gnu/libOgreMain.so
[2.796s] -- Looking for OGRE_Paging...
[3.038s] -- Found OGRE_Paging: optimized;/usr/lib/x86_64-linux-gnu/libOgrePaging.so;debug;/usr/lib/x86_64-linux-gnu/libOgrePaging.so
[3.038s] -- Looking for OGRE_Terrain...
[3.299s] -- Found OGRE_Terrain: optimized;/usr/lib/x86_64-linux-gnu/libOgreTerrain.so;debug;/usr/lib/x86_64-linux-gnu/libOgreTerrain.so
[3.299s] -- Looking for OGRE_Property...
[3.738s] -- Found OGRE_Property: optimized;/usr/lib/x86_64-linux-gnu/libOgreProperty.so;debug;/usr/lib/x86_64-linux-gnu/libOgreProperty.so
[3.739s] -- Looking for OGRE_RTShaderSystem...
[4.232s] -- Found OGRE_RTShaderSystem: optimized;/usr/lib/x86_64-linux-gnu/libOgreRTShaderSystem.so;debug;/usr/lib/x86_64-linux-gnu/libOgreRTShaderSystem.so
[4.232s] -- Looking for OGRE_Volume...
[4.541s] -- Found OGRE_Volume: optimized;/usr/lib/x86_64-linux-gnu/libOgreVolume.so;debug;/usr/lib/x86_64-linux-gnu/libOgreVolume.so
[4.541s] -- Looking for OGRE_Overlay...
[4.805s] -- Found OGRE_Overlay: optimized;/usr/lib/x86_64-linux-gnu/libOgreOverlay.so;debug;/usr/lib/x86_64-linux-gnu/libOgreOverlay.so
[19.153s] -- Looking for ignition-math6 -- found version 6.15.1
[19.160s] -- Looking for ignition-transport8 -- found version 8.2.1
[19.160s] -- Searching for dependencies of ignition-transport8
[22.199s] -- Found ZLIB: /usr/lib/x86_64-linux-gnu/libz.so (found version "1.2.11") 
[23.824s] -- Checking for module 'uuid'
[23.865s] --   Found uuid, version 2.37.2
[23.909s] -- Found UUID: TRUE  
[23.927s] -- Looking for ignition-msgs5 -- found version 5.8.1
[23.928s] -- Searching for dependencies of ignition-msgs5
[24.023s] -- Looking for ignition-math6 -- found version 6.15.1
[24.040s] -- Checking for module 'tinyxml2'
[24.063s] --   Found tinyxml2, version 9.0.0
[24.110s] -- Looking for ignition-msgs5 -- found version 5.8.1
[24.124s] -- Looking for ignition-common3 -- found version 3.14.0
[24.124s] -- Searching for dependencies of ignition-common3
[24.160s] -- Looking for dlfcn.h - found
[24.186s] -- Looking for libdl - found
[24.186s] -- Found DL: TRUE  
[24.268s] -- Found tinyobjloader: /usr/lib/x86_64-linux-gnu/cmake/tinyobjloader/tinyobjloader-config.cmake (found version "2.0.0") 
[24.273s] -- Searching for <ignition-common3> component [graphics]
[24.275s] -- Looking for ignition-common3-graphics -- found version 3.14.0
[24.277s] -- Searching for dependencies of ignition-common3-graphics
[24.278s] -- Looking for ignition-math6 -- found version 6.15.1
[24.293s] -- Looking for ignition-fuel_tools4 -- found version 4.4.0
[24.297s] -- Searching for dependencies of ignition-fuel_tools4
[25.844s] -- Found CURL: /usr/lib/x86_64-linux-gnu/libcurl.so (found version "7.81.0")  
[25.857s] -- Checking for module 'jsoncpp'
[25.869s] --   Found jsoncpp, version 1.9.5
[25.900s] -- Found JSONCPP: TRUE  
[25.909s] -- Checking for module 'libzip'
[25.923s] --   Found libzip, version 1.7.3
[25.950s] -- Found ZIP: TRUE  
[25.951s] -- Looking for ignition-common3 -- found version 3.14.0
[25.951s] -- Looking for ignition-math6 -- found version 6.15.1
[25.952s] -- Looking for ignition-msgs5 -- found version 5.8.1
[25.961s] -- Found gazebo_ros_pkgs: 3.7.0 (/opt/ros/humble/share/gazebo_ros_pkgs/cmake)
[25.962s] -- Found geometry_msgs: 4.2.3 (/opt/ros/humble/share/geometry_msgs/cmake)
[26.039s] -- Found rosidl_generator_c: 3.1.5 (/opt/ros/humble/share/rosidl_generator_c/cmake)
[26.046s] -- Found rosidl_adapter: 3.1.5 (/opt/ros/humble/share/rosidl_adapter/cmake)
[26.056s] -- Found rosidl_generator_cpp: 3.1.5 (/opt/ros/humble/share/rosidl_generator_cpp/cmake)
[26.082s] -- Using all available rosidl_typesupport_c: rosidl_typesupport_fastrtps_c;rosidl_typesupport_introspection_c
[26.107s] -- Using all available rosidl_typesupport_cpp: rosidl_typesupport_fastrtps_cpp;rosidl_typesupport_introspection_cpp
[26.242s] -- Found nav_msgs: 4.2.3 (/opt/ros/humble/share/nav_msgs/cmake)
[26.332s] -- Found rclcpp: 16.0.8 (/opt/ros/humble/share/rclcpp/cmake)
[26.406s] -- Found rmw_implementation_cmake: 6.1.1 (/opt/ros/humble/share/rmw_implementation_cmake/cmake)
[26.410s] -- Found rmw_fastrtps_cpp: 6.2.6 (/opt/ros/humble/share/rmw_fastrtps_cpp/cmake)
[27.418s] -- Found OpenSSL: /usr/lib/x86_64-linux-gnu/libcrypto.so (found version "3.0.2")  
[28.438s] -- Found FastRTPS: /opt/ros/humble/include  
[30.382s] -- Using RMW implementation 'rmw_fastrtps_cpp' as default
[30.392s] -- Found Threads: TRUE  
[30.509s] -- Found sensor_msgs: 4.2.3 (/opt/ros/humble/share/sensor_msgs/cmake)
[30.594s] -- Found tf2: 0.25.6 (/opt/ros/humble/share/tf2/cmake)
[30.699s] -- Configuring done
[30.770s] -- Generating done
[30.772s] -- Build files have been written to: /home/midday/turtlebot3_ws/src/build/turtlebot3_gazebo
[30.789s] Invoked command in '/home/midday/turtlebot3_ws/src/build/turtlebot3_gazebo' returned '0': CMAKE_PREFIX_PATH=${CMAKE_PREFIX_PATH}:/home/midday/turtlebot3_ws/install/turtlebot3_teleop:/home/midday/turtlebot3_ws/install/turtlebot3_example:/opt/ros/humble /usr/bin/cmake /home/midday/turtlebot3_ws/src/turtlebot3_simulations/turtlebot3_gazebo -DAMENT_CMAKE_SYMLINK_INSTALL=1 -DCMAKE_INSTALL_PREFIX=/home/midday/turtlebot3_ws/src/install/turtlebot3_gazebo
[30.791s] Invoking command in '/home/midday/turtlebot3_ws/src/build/turtlebot3_gazebo': CMAKE_PREFIX_PATH=${CMAKE_PREFIX_PATH}:/home/midday/turtlebot3_ws/install/turtlebot3_teleop:/home/midday/turtlebot3_ws/install/turtlebot3_example:/opt/ros/humble /usr/bin/cmake --build /home/midday/turtlebot3_ws/src/build/turtlebot3_gazebo -- -j12 -l12
[30.849s] [ 50%] [32mBuilding CXX object CMakeFiles/obstacles.dir/models/turtlebot3_dqn_world/obstacle_plugin/obstacles.cc.o[0m
[30.849s] [ 50%] [32mBuilding CXX object CMakeFiles/obstacle2.dir/models/turtlebot3_dqn_world/obstacle_plugin/obstacle2.cc.o[0m
[30.849s] [ 50%] [32mBuilding CXX object CMakeFiles/obstacle1.dir/models/turtlebot3_dqn_world/obstacle_plugin/obstacle1.cc.o[0m
[30.849s] [ 50%] [32mBuilding CXX object CMakeFiles/turtlebot3_drive.dir/src/turtlebot3_drive.cpp.o[0m
[43.422s] [ 62%] [32m[1mLinking CXX executable turtlebot3_drive[0m
[43.661s] [ 75%] [32m[1mLinking CXX shared library libobstacle2.so[0m
[43.712s] [ 87%] [32m[1mLinking CXX shared library libobstacles.so[0m
[43.733s] [100%] [32m[1mLinking CXX shared library libobstacle1.so[0m
[44.013s] [100%] Built target obstacle2
[44.030s] [100%] Built target obstacles
[44.051s] [100%] Built target obstacle1
[44.108s] [100%] Built target turtlebot3_drive
[44.116s] Invoked command in '/home/midday/turtlebot3_ws/src/build/turtlebot3_gazebo' returned '0': CMAKE_PREFIX_PATH=${CMAKE_PREFIX_PATH}:/home/midday/turtlebot3_ws/install/turtlebot3_teleop:/home/midday/turtlebot3_ws/install/turtlebot3_example:/opt/ros/humble /usr/bin/cmake --build /home/midday/turtlebot3_ws/src/build/turtlebot3_gazebo -- -j12 -l12
[44.141s] Invoking command in '/home/midday/turtlebot3_ws/src/build/turtlebot3_gazebo': CMAKE_PREFIX_PATH=${CMAKE_PREFIX_PATH}:/home/midday/turtlebot3_ws/install/turtlebot3_teleop:/home/midday/turtlebot3_ws/install/turtlebot3_example:/opt/ros/humble /usr/bin/cmake --install /home/midday/turtlebot3_ws/src/build/turtlebot3_gazebo
[44.146s] -- Install configuration: ""
[44.147s] -- Execute custom install script
[44.147s] -- Symlinking: /home/midday/turtlebot3_ws/src/install/turtlebot3_gazebo/lib/turtlebot3_gazebo/turtlebot3_drive
[44.154s] -- Symlinking: /home/midday/turtlebot3_ws/src/install/turtlebot3_gazebo/share/turtlebot3_gazebo//launch/empty_world.launch.py
[44.160s] -- Symlinking: /home/midday/turtlebot3_ws/src/install/turtlebot3_gazebo/share/turtlebot3_gazebo//launch/robot_state_publisher.launch.py
[44.164s] -- Symlinking: /home/midday/turtlebot3_ws/src/install/turtlebot3_gazebo/share/turtlebot3_gazebo//launch/spawn_turtlebot3.launch.py
[44.170s] -- Symlinking: /home/midday/turtlebot3_ws/src/install/turtlebot3_gazebo/share/turtlebot3_gazebo//launch/turtlebot3_dqn_stage1.launch.py
[44.176s] -- Symlinking: /home/midday/turtlebot3_ws/src/install/turtlebot3_gazebo/share/turtlebot3_gazebo//launch/turtlebot3_dqn_stage2.launch.py
[44.183s] -- Symlinking: /home/midday/turtlebot3_ws/src/install/turtlebot3_gazebo/share/turtlebot3_gazebo//launch/turtlebot3_dqn_stage3.launch.py
[44.189s] -- Symlinking: /home/midday/turtlebot3_ws/src/install/turtlebot3_gazebo/share/turtlebot3_gazebo//launch/turtlebot3_dqn_stage4.launch.py
[44.195s] -- Symlinking: /home/midday/turtlebot3_ws/src/install/turtlebot3_gazebo/share/turtlebot3_gazebo//launch/turtlebot3_house.launch.py
[44.200s] -- Symlinking: /home/midday/turtlebot3_ws/src/install/turtlebot3_gazebo/share/turtlebot3_gazebo//launch/turtlebot3_world.launch.py
[44.209s] -- Symlinking: /home/midday/turtlebot3_ws/src/install/turtlebot3_gazebo/share/turtlebot3_gazebo//models/turtlebot3_burger/model-1_4.sdf
[44.215s] -- Symlinking: /home/midday/turtlebot3_ws/src/install/turtlebot3_gazebo/share/turtlebot3_gazebo//models/turtlebot3_burger/model.config
[44.222s] -- Symlinking: /home/midday/turtlebot3_ws/src/install/turtlebot3_gazebo/share/turtlebot3_gazebo//models/turtlebot3_burger/model.sdf
[44.227s] -- Symlinking: /home/midday/turtlebot3_ws/src/install/turtlebot3_gazebo/share/turtlebot3_gazebo//models/turtlebot3_common/meshes/burger_base.dae
[44.232s] -- Symlinking: /home/midday/turtlebot3_ws/src/install/turtlebot3_gazebo/share/turtlebot3_gazebo//models/turtlebot3_common/meshes/lds.dae
[44.238s] -- Symlinking: /home/midday/turtlebot3_ws/src/install/turtlebot3_gazebo/share/turtlebot3_gazebo//models/turtlebot3_common/meshes/r200.dae
[44.243s] -- Symlinking: /home/midday/turtlebot3_ws/src/install/turtlebot3_gazebo/share/turtlebot3_gazebo//models/turtlebot3_common/meshes/tire.dae
[44.248s] -- Symlinking: /home/midday/turtlebot3_ws/src/install/turtlebot3_gazebo/share/turtlebot3_gazebo//models/turtlebot3_common/meshes/waffle_base.dae
[44.255s] -- Symlinking: /home/midday/turtlebot3_ws/src/install/turtlebot3_gazebo/share/turtlebot3_gazebo//models/turtlebot3_common/meshes/waffle_pi_base.dae
[44.261s] -- Symlinking: /home/midday/turtlebot3_ws/src/install/turtlebot3_gazebo/share/turtlebot3_gazebo//models/turtlebot3_common/model.config
[44.266s] -- Symlinking: /home/midday/turtlebot3_ws/src/install/turtlebot3_gazebo/share/turtlebot3_gazebo//models/turtlebot3_dqn_world/goal_box/model.config
[44.274s] -- Symlinking: /home/midday/turtlebot3_ws/src/install/turtlebot3_gazebo/share/turtlebot3_gazebo//models/turtlebot3_dqn_world/goal_box/model.sdf
[44.280s] -- Symlinking: /home/midday/turtlebot3_ws/src/install/turtlebot3_gazebo/share/turtlebot3_gazebo//models/turtlebot3_dqn_world/inner_walls/model.config
[44.286s] -- Symlinking: /home/midday/turtlebot3_ws/src/install/turtlebot3_gazebo/share/turtlebot3_gazebo//models/turtlebot3_dqn_world/inner_walls/model.sdf
[44.292s] -- Symlinking: /home/midday/turtlebot3_ws/src/install/turtlebot3_gazebo/share/turtlebot3_gazebo//models/turtlebot3_dqn_world/model.config
[44.298s] -- Symlinking: /home/midday/turtlebot3_ws/src/install/turtlebot3_gazebo/share/turtlebot3_gazebo//models/turtlebot3_dqn_world/model.sdf
[44.304s] -- Symlinking: /home/midday/turtlebot3_ws/src/install/turtlebot3_gazebo/share/turtlebot3_gazebo//models/turtlebot3_dqn_world/obstacle1/model.config
[44.309s] -- Symlinking: /home/midday/turtlebot3_ws/src/install/turtlebot3_gazebo/share/turtlebot3_gazebo//models/turtlebot3_dqn_world/obstacle1/model.sdf
[44.315s] -- Symlinking: /home/midday/turtlebot3_ws/src/install/turtlebot3_gazebo/share/turtlebot3_gazebo//models/turtlebot3_dqn_world/obstacle2/model.config
[44.322s] -- Symlinking: /home/midday/turtlebot3_ws/src/install/turtlebot3_gazebo/share/turtlebot3_gazebo//models/turtlebot3_dqn_world/obstacle2/model.sdf
[44.327s] -- Symlinking: /home/midday/turtlebot3_ws/src/install/turtlebot3_gazebo/share/turtlebot3_gazebo//models/turtlebot3_dqn_world/obstacle_plugin/CMakeLists.txt
[44.331s] -- Symlinking: /home/midday/turtlebot3_ws/src/install/turtlebot3_gazebo/share/turtlebot3_gazebo//models/turtlebot3_dqn_world/obstacle_plugin/obstacle1.cc
[44.337s] -- Symlinking: /home/midday/turtlebot3_ws/src/install/turtlebot3_gazebo/share/turtlebot3_gazebo//models/turtlebot3_dqn_world/obstacle_plugin/obstacle2.cc
[44.343s] -- Symlinking: /home/midday/turtlebot3_ws/src/install/turtlebot3_gazebo/share/turtlebot3_gazebo//models/turtlebot3_dqn_world/obstacle_plugin/obstacles.cc
[44.348s] -- Symlinking: /home/midday/turtlebot3_ws/src/install/turtlebot3_gazebo/share/turtlebot3_gazebo//models/turtlebot3_dqn_world/obstacles/model.config
[44.356s] -- Symlinking: /home/midday/turtlebot3_ws/src/install/turtlebot3_gazebo/share/turtlebot3_gazebo//models/turtlebot3_dqn_world/obstacles/model.sdf
[44.365s] -- Symlinking: /home/midday/turtlebot3_ws/src/install/turtlebot3_gazebo/share/turtlebot3_gazebo//models/turtlebot3_house/model.config
[44.371s] -- Symlinking: /home/midday/turtlebot3_ws/src/install/turtlebot3_gazebo/share/turtlebot3_gazebo//models/turtlebot3_house/model.sdf
[44.376s] -- Symlinking: /home/midday/turtlebot3_ws/src/install/turtlebot3_gazebo/share/turtlebot3_gazebo//models/turtlebot3_waffle/model-1_4.sdf
[44.384s] -- Symlinking: /home/midday/turtlebot3_ws/src/install/turtlebot3_gazebo/share/turtlebot3_gazebo//models/turtlebot3_waffle/model.config
[44.390s] -- Symlinking: /home/midday/turtlebot3_ws/src/install/turtlebot3_gazebo/share/turtlebot3_gazebo//models/turtlebot3_waffle/model.sdf
[44.395s] -- Symlinking: /home/midday/turtlebot3_ws/src/install/turtlebot3_gazebo/share/turtlebot3_gazebo//models/turtlebot3_waffle_pi/model-1_4_.sdf
[44.400s] -- Symlinking: /home/midday/turtlebot3_ws/src/install/turtlebot3_gazebo/share/turtlebot3_gazebo//models/turtlebot3_waffle_pi/model.config
[44.406s] -- Symlinking: /home/midday/turtlebot3_ws/src/install/turtlebot3_gazebo/share/turtlebot3_gazebo//models/turtlebot3_waffle_pi/model.sdf
[44.412s] -- Symlinking: /home/midday/turtlebot3_ws/src/install/turtlebot3_gazebo/share/turtlebot3_gazebo//models/turtlebot3_world/meshes/hexagon.dae
[44.417s] -- Symlinking: /home/midday/turtlebot3_ws/src/install/turtlebot3_gazebo/share/turtlebot3_gazebo//models/turtlebot3_world/meshes/wall.dae
[44.423s] -- Symlinking: /home/midday/turtlebot3_ws/src/install/turtlebot3_gazebo/share/turtlebot3_gazebo//models/turtlebot3_world/model-1_4.sdf
[44.428s] -- Symlinking: /home/midday/turtlebot3_ws/src/install/turtlebot3_gazebo/share/turtlebot3_gazebo//models/turtlebot3_world/model.config
[44.433s] -- Symlinking: /home/midday/turtlebot3_ws/src/install/turtlebot3_gazebo/share/turtlebot3_gazebo//models/turtlebot3_world/model.sdf
[44.440s] -- Symlinking: /home/midday/turtlebot3_ws/src/install/turtlebot3_gazebo/share/turtlebot3_gazebo//rviz/tb3_gazebo.rviz
[44.447s] -- Symlinking: /home/midday/turtlebot3_ws/src/install/turtlebot3_gazebo/share/turtlebot3_gazebo//urdf/common_properties.urdf
[44.452s] -- Symlinking: /home/midday/turtlebot3_ws/src/install/turtlebot3_gazebo/share/turtlebot3_gazebo//urdf/turtlebot3_burger.urdf
[44.458s] -- Symlinking: /home/midday/turtlebot3_ws/src/install/turtlebot3_gazebo/share/turtlebot3_gazebo//urdf/turtlebot3_waffle.urdf
[44.465s] -- Symlinking: /home/midday/turtlebot3_ws/src/install/turtlebot3_gazebo/share/turtlebot3_gazebo//urdf/turtlebot3_waffle_pi.urdf
[44.471s] -- Symlinking: /home/midday/turtlebot3_ws/src/install/turtlebot3_gazebo/share/turtlebot3_gazebo//worlds/empty_world.world
[44.478s] -- Symlinking: /home/midday/turtlebot3_ws/src/install/turtlebot3_gazebo/share/turtlebot3_gazebo//worlds/project_world.world
[44.484s] -- Symlinking: /home/midday/turtlebot3_ws/src/install/turtlebot3_gazebo/share/turtlebot3_gazebo//worlds/project_world2.world
[44.491s] -- Symlinking: /home/midday/turtlebot3_ws/src/install/turtlebot3_gazebo/share/turtlebot3_gazebo//worlds/project_world3.world
[44.497s] -- Symlinking: /home/midday/turtlebot3_ws/src/install/turtlebot3_gazebo/share/turtlebot3_gazebo//worlds/turtlebot3_dqn_stage1.world
[44.503s] -- Symlinking: /home/midday/turtlebot3_ws/src/install/turtlebot3_gazebo/share/turtlebot3_gazebo//worlds/turtlebot3_dqn_stage2.world
[44.509s] -- Symlinking: /home/midday/turtlebot3_ws/src/install/turtlebot3_gazebo/share/turtlebot3_gazebo//worlds/turtlebot3_dqn_stage3.world
[44.515s] -- Symlinking: /home/midday/turtlebot3_ws/src/install/turtlebot3_gazebo/share/turtlebot3_gazebo//worlds/turtlebot3_dqn_stage4.world
[44.521s] -- Symlinking: /home/midday/turtlebot3_ws/src/install/turtlebot3_gazebo/share/turtlebot3_gazebo//worlds/turtlebot3_house.world
[44.527s] -- Symlinking: /home/midday/turtlebot3_ws/src/install/turtlebot3_gazebo/share/turtlebot3_gazebo//worlds/turtlebot3_sim.world
[44.532s] -- Symlinking: /home/midday/turtlebot3_ws/src/install/turtlebot3_gazebo/share/turtlebot3_gazebo//worlds/turtlebot3_world.world
[44.540s] -- Symlinking: /home/midday/turtlebot3_ws/src/install/turtlebot3_gazebo/include//turtlebot3_gazebo/turtlebot3_drive.hpp
[44.546s] -- Symlinking: /home/midday/turtlebot3_ws/src/install/turtlebot3_gazebo/share/ament_index/resource_index/package_run_dependencies/turtlebot3_gazebo
[44.553s] -- Symlinking: /home/midday/turtlebot3_ws/src/install/turtlebot3_gazebo/share/ament_index/resource_index/parent_prefix_path/turtlebot3_gazebo
[44.559s] -- Symlinking: /home/midday/turtlebot3_ws/src/install/turtlebot3_gazebo/share/turtlebot3_gazebo/environment/ament_prefix_path.sh
[44.564s] -- Symlinking: /home/midday/turtlebot3_ws/src/install/turtlebot3_gazebo/share/turtlebot3_gazebo/environment/ament_prefix_path.dsv
[44.571s] -- Symlinking: /home/midday/turtlebot3_ws/src/install/turtlebot3_gazebo/share/turtlebot3_gazebo/environment/path.sh
[44.579s] -- Symlinking: /home/midday/turtlebot3_ws/src/install/turtlebot3_gazebo/share/turtlebot3_gazebo/environment/path.dsv
[44.584s] -- Symlinking: /home/midday/turtlebot3_ws/src/install/turtlebot3_gazebo/share/turtlebot3_gazebo/local_setup.bash
[44.591s] -- Symlinking: /home/midday/turtlebot3_ws/src/install/turtlebot3_gazebo/share/turtlebot3_gazebo/local_setup.sh
[44.598s] -- Symlinking: /home/midday/turtlebot3_ws/src/install/turtlebot3_gazebo/share/turtlebot3_gazebo/local_setup.zsh
[44.605s] -- Symlinking: /home/midday/turtlebot3_ws/src/install/turtlebot3_gazebo/share/turtlebot3_gazebo/local_setup.dsv
[44.614s] -- Symlinking: /home/midday/turtlebot3_ws/src/install/turtlebot3_gazebo/share/turtlebot3_gazebo/package.dsv
[44.620s] -- Symlinking: /home/midday/turtlebot3_ws/src/install/turtlebot3_gazebo/share/ament_index/resource_index/packages/turtlebot3_gazebo
[44.627s] -- Symlinking: /home/midday/turtlebot3_ws/src/install/turtlebot3_gazebo/share/turtlebot3_gazebo/cmake/ament_cmake_export_include_directories-extras.cmake
[44.633s] -- Symlinking: /home/midday/turtlebot3_ws/src/install/turtlebot3_gazebo/share/turtlebot3_gazebo/cmake/ament_cmake_export_dependencies-extras.cmake
[44.639s] -- Symlinking: /home/midday/turtlebot3_ws/src/install/turtlebot3_gazebo/share/turtlebot3_gazebo/cmake/turtlebot3_gazeboConfig.cmake
[44.644s] -- Symlinking: /home/midday/turtlebot3_ws/src/install/turtlebot3_gazebo/share/turtlebot3_gazebo/cmake/turtlebot3_gazeboConfig-version.cmake
[44.649s] -- Symlinking: /home/midday/turtlebot3_ws/src/install/turtlebot3_gazebo/share/turtlebot3_gazebo/package.xml
[44.657s] Invoked command in '/home/midday/turtlebot3_ws/src/build/turtlebot3_gazebo' returned '0': CMAKE_PREFIX_PATH=${CMAKE_PREFIX_PATH}:/home/midday/turtlebot3_ws/install/turtlebot3_teleop:/home/midday/turtlebot3_ws/install/turtlebot3_example:/opt/ros/humble /usr/bin/cmake --install /home/midday/turtlebot3_ws/src/build/turtlebot3_gazebo
