[0.028s] Invoking command in '/home/midday/turtlebot3_ws/build/turtlebot3_gazebo': CMAKE_PREFIX_PATH=/opt/ros/humble /usr/bin/cmake /home/midday/turtlebot3_ws/src/turtlebot3_simulations/turtlebot3_gazebo -DAMENT_CMAKE_SYMLINK_INSTALL=1 -DCMAKE_INSTALL_PREFIX=/home/midday/turtlebot3_ws/install/turtlebot3_gazebo
[0.239s] -- The C compiler identification is GNU 11.4.0
[0.439s] -- The CXX compiler identification is GNU 11.4.0
[0.618s] -- Detecting C compiler ABI info
[0.710s] -- Detecting C compiler ABI info - done
[0.717s] -- Check for working C compiler: /usr/bin/cc - skipped
[0.718s] -- Detecting C compile features
[0.719s] -- Detecting C compile features - done
[0.723s] -- Detecting CXX compiler ABI info
[0.823s] -- Detecting CXX compiler ABI info - done
[0.831s] -- Check for working CXX compiler: /usr/bin/c++ - skipped
[0.831s] -- Detecting CXX compile features
[0.833s] -- Detecting CXX compile features - done
[0.836s] -- Found ament_cmake: 1.3.8 (/opt/ros/humble/share/ament_cmake/cmake)
[0.971s] -- Found Python3: /usr/bin/python3 (found version "3.10.12") found components: Interpreter 
[1.030s] -- Override CMake install command with custom implementation using symlinks instead of copying resources
[1.075s] [33mCMake Warning (dev) at /usr/share/cmake-3.22/Modules/FindPackageHandleStandardArgs.cmake:438 (message):
[1.075s]   The package name passed to `find_package_handle_standard_args` (PkgConfig)
[1.075s]   does not match the name of the calling package (gazebo).  This can lead to
[1.075s]   problems in calling code that expects `find_package` result variables
[1.075s]   (e.g., `_FOUND`) to follow a certain pattern.
[1.075s] Call Stack (most recent call first):
[1.075s]   /usr/share/cmake-3.22/Modules/FindPkgConfig.cmake:99 (find_package_handle_standard_args)
[1.075s]   /usr/lib/x86_64-linux-gnu/cmake/gazebo/gazebo-config.cmake:72 (include)
[1.075s]   CMakeLists.txt:23 (find_package)
[1.075s] This warning is for project developers.  Use -Wno-dev to suppress it.
[1.075s] [0m
[1.075s] -- Found PkgConfig: /usr/bin/pkg-config (found version "0.29.2") 
[1.078s] -- Checking for module 'bullet>=2.82'
[1.089s] --   Found bullet, version 3.05
[1.726s] -- Found fcl: /usr/include (found suitable version "0.7.0", minimum required is "0.5.0") 
[1.753s] -- Found assimp: /usr/include (found version "5.2.0") 
[1.777s] -- Found DART: /usr/include (Required is at least version "6.6") found components: dart 
[1.987s] -- Found Boost: /usr/lib/x86_64-linux-gnu/cmake/Boost-1.74.0/BoostConfig.cmake (found suitable version "1.74.0", minimum required is "1.40.0") found components: thread system filesystem program_options regex iostreams date_time 
[2.258s] -- Found Protobuf: /usr/lib/x86_64-linux-gnu/libprotobuf.so (found version "3.12.4") 
[2.263s] -- Looking for ignition-math6 -- found version 6.15.1
[2.272s] -- Searching for dependencies of ignition-math6
[2.275s] -- Looking for OGRE...
[2.276s] -- OGRE_PREFIX_WATCH changed.
[2.280s] -- Checking for module 'OGRE'
[2.288s] --   Found OGRE, version 1.9.0
[2.310s] -- Found Ogre Ghadamon (1.9.0)
[2.518s] -- Found OGRE: optimized;/usr/lib/x86_64-linux-gnu/libOgreMain.so;debug;/usr/lib/x86_64-linux-gnu/libOgreMain.so
[2.528s] -- Looking for OGRE_Paging...
[2.721s] -- Found OGRE_Paging: optimized;/usr/lib/x86_64-linux-gnu/libOgrePaging.so;debug;/usr/lib/x86_64-linux-gnu/libOgrePaging.so
[2.722s] -- Looking for OGRE_Terrain...
[2.921s] -- Found OGRE_Terrain: optimized;/usr/lib/x86_64-linux-gnu/libOgreTerrain.so;debug;/usr/lib/x86_64-linux-gnu/libOgreTerrain.so
[2.921s] -- Looking for OGRE_Property...
[3.134s] -- Found OGRE_Property: optimized;/usr/lib/x86_64-linux-gnu/libOgreProperty.so;debug;/usr/lib/x86_64-linux-gnu/libOgreProperty.so
[3.134s] -- Looking for OGRE_RTShaderSystem...
[3.341s] -- Found OGRE_RTShaderSystem: optimized;/usr/lib/x86_64-linux-gnu/libOgreRTShaderSystem.so;debug;/usr/lib/x86_64-linux-gnu/libOgreRTShaderSystem.so
[3.341s] -- Looking for OGRE_Volume...
[3.611s] -- Found OGRE_Volume: optimized;/usr/lib/x86_64-linux-gnu/libOgreVolume.so;debug;/usr/lib/x86_64-linux-gnu/libOgreVolume.so
[3.611s] -- Looking for OGRE_Overlay...
[3.865s] -- Found OGRE_Overlay: optimized;/usr/lib/x86_64-linux-gnu/libOgreOverlay.so;debug;/usr/lib/x86_64-linux-gnu/libOgreOverlay.so
[13.978s] -- Looking for ignition-math6 -- found version 6.15.1
[13.980s] -- Looking for ignition-transport8 -- found version 8.2.1
[13.980s] -- Searching for dependencies of ignition-transport8
[15.864s] -- Found ZLIB: /usr/lib/x86_64-linux-gnu/libz.so (found version "1.2.11") 
[17.388s] -- Checking for module 'uuid'
[17.475s] --   Found uuid, version 2.37.2
[17.699s] -- Found UUID: TRUE  
[17.713s] -- Looking for ignition-msgs5 -- found version 5.8.1
[17.714s] -- Searching for dependencies of ignition-msgs5
[17.782s] -- Looking for ignition-math6 -- found version 6.15.1
[17.806s] -- Checking for module 'tinyxml2'
[17.895s] --   Found tinyxml2, version 9.0.0
[18.113s] -- Looking for ignition-msgs5 -- found version 5.8.1
[18.118s] -- Looking for ignition-common3 -- found version 3.14.0
[18.119s] -- Searching for dependencies of ignition-common3
[18.145s] -- Looking for dlfcn.h - found
[18.168s] -- Looking for libdl - found
[18.169s] -- Found DL: TRUE  
[18.250s] -- Found tinyobjloader: /usr/lib/x86_64-linux-gnu/cmake/tinyobjloader/tinyobjloader-config.cmake (found version "2.0.0") 
[18.252s] -- Searching for <ignition-common3> component [graphics]
[18.260s] -- Looking for ignition-common3-graphics -- found version 3.14.0
[18.260s] -- Searching for dependencies of ignition-common3-graphics
[18.260s] -- Looking for ignition-math6 -- found version 6.15.1
[18.270s] -- Looking for ignition-fuel_tools4 -- found version 4.4.0
[18.271s] -- Searching for dependencies of ignition-fuel_tools4
[19.499s] -- Found CURL: /usr/lib/x86_64-linux-gnu/libcurl.so (found version "7.81.0")  
[19.511s] -- Checking for module 'jsoncpp'
[19.522s] --   Found jsoncpp, version 1.9.5
[19.550s] -- Found JSONCPP: TRUE  
[19.556s] -- Checking for module 'libzip'
[19.567s] --   Found libzip, version 1.7.3
[19.595s] -- Found ZIP: TRUE  
[19.595s] -- Looking for ignition-common3 -- found version 3.14.0
[19.595s] -- Looking for ignition-math6 -- found version 6.15.1
[19.595s] -- Looking for ignition-msgs5 -- found version 5.8.1
[19.603s] -- Found gazebo_ros_pkgs: 3.7.0 (/opt/ros/humble/share/gazebo_ros_pkgs/cmake)
[19.604s] -- Found geometry_msgs: 4.2.3 (/opt/ros/humble/share/geometry_msgs/cmake)
[19.654s] -- Found rosidl_generator_c: 3.1.5 (/opt/ros/humble/share/rosidl_generator_c/cmake)
[19.658s] -- Found rosidl_adapter: 3.1.5 (/opt/ros/humble/share/rosidl_adapter/cmake)
[19.664s] -- Found rosidl_generator_cpp: 3.1.5 (/opt/ros/humble/share/rosidl_generator_cpp/cmake)
[19.678s] -- Using all available rosidl_typesupport_c: rosidl_typesupport_fastrtps_c;rosidl_typesupport_introspection_c
[19.701s] -- Using all available rosidl_typesupport_cpp: rosidl_typesupport_fastrtps_cpp;rosidl_typesupport_introspection_cpp
[19.839s] -- Found nav_msgs: 4.2.3 (/opt/ros/humble/share/nav_msgs/cmake)
[19.920s] -- Found rclcpp: 16.0.8 (/opt/ros/humble/share/rclcpp/cmake)
[19.979s] -- Found rmw_implementation_cmake: 6.1.1 (/opt/ros/humble/share/rmw_implementation_cmake/cmake)
[19.981s] -- Found rmw_fastrtps_cpp: 6.2.6 (/opt/ros/humble/share/rmw_fastrtps_cpp/cmake)
[20.835s] -- Found OpenSSL: /usr/lib/x86_64-linux-gnu/libcrypto.so (found version "3.0.2")  
[21.674s] -- Found FastRTPS: /opt/ros/humble/include  
[23.239s] -- Using RMW implementation 'rmw_fastrtps_cpp' as default
[23.245s] -- Found Threads: TRUE  
[23.346s] -- Found sensor_msgs: 4.2.3 (/opt/ros/humble/share/sensor_msgs/cmake)
[23.414s] -- Found tf2: 0.25.6 (/opt/ros/humble/share/tf2/cmake)
[23.483s] -- Configuring done
[23.523s] -- Generating done
[23.525s] -- Build files have been written to: /home/midday/turtlebot3_ws/build/turtlebot3_gazebo
[23.534s] Invoked command in '/home/midday/turtlebot3_ws/build/turtlebot3_gazebo' returned '0': CMAKE_PREFIX_PATH=/opt/ros/humble /usr/bin/cmake /home/midday/turtlebot3_ws/src/turtlebot3_simulations/turtlebot3_gazebo -DAMENT_CMAKE_SYMLINK_INSTALL=1 -DCMAKE_INSTALL_PREFIX=/home/midday/turtlebot3_ws/install/turtlebot3_gazebo
[23.536s] Invoking command in '/home/midday/turtlebot3_ws/build/turtlebot3_gazebo': CMAKE_PREFIX_PATH=/opt/ros/humble /usr/bin/cmake --build /home/midday/turtlebot3_ws/build/turtlebot3_gazebo -- -j12 -l12
[23.586s] [ 12%] [32mBuilding CXX object CMakeFiles/obstacle1.dir/models/turtlebot3_dqn_world/obstacle_plugin/obstacle1.cc.o[0m
[23.586s] [ 37%] [32mBuilding CXX object CMakeFiles/turtlebot3_drive.dir/src/turtlebot3_drive.cpp.o[0m
[23.586s] [ 37%] [32mBuilding CXX object CMakeFiles/obstacles.dir/models/turtlebot3_dqn_world/obstacle_plugin/obstacles.cc.o[0m
[23.587s] [ 50%] [32mBuilding CXX object CMakeFiles/obstacle2.dir/models/turtlebot3_dqn_world/obstacle_plugin/obstacle2.cc.o[0m
[33.622s] [ 62%] [32m[1mLinking CXX executable turtlebot3_drive[0m
[33.698s] [ 75%] [32m[1mLinking CXX shared library libobstacle1.so[0m
[33.829s] [ 87%] [32m[1mLinking CXX shared library libobstacles.so[0m
[34.049s] [100%] [32m[1mLinking CXX shared library libobstacle2.so[0m
[34.067s] [100%] Built target obstacle1
[34.179s] [100%] Built target obstacles
[34.309s] [100%] Built target obstacle2
[34.337s] [100%] Built target turtlebot3_drive
[34.344s] Invoked command in '/home/midday/turtlebot3_ws/build/turtlebot3_gazebo' returned '0': CMAKE_PREFIX_PATH=/opt/ros/humble /usr/bin/cmake --build /home/midday/turtlebot3_ws/build/turtlebot3_gazebo -- -j12 -l12
[34.364s] Invoking command in '/home/midday/turtlebot3_ws/build/turtlebot3_gazebo': CMAKE_PREFIX_PATH=/opt/ros/humble /usr/bin/cmake --install /home/midday/turtlebot3_ws/build/turtlebot3_gazebo
[34.368s] -- Install configuration: ""
[34.369s] -- Execute custom install script
[34.369s] -- Symlinking: /home/midday/turtlebot3_ws/install/turtlebot3_gazebo/lib/turtlebot3_gazebo/turtlebot3_drive
[34.374s] -- Symlinking: /home/midday/turtlebot3_ws/install/turtlebot3_gazebo/share/turtlebot3_gazebo//launch/empty_world.launch.py
[34.380s] -- Symlinking: /home/midday/turtlebot3_ws/install/turtlebot3_gazebo/share/turtlebot3_gazebo//launch/robot_state_publisher.launch.py
[34.384s] -- Symlinking: /home/midday/turtlebot3_ws/install/turtlebot3_gazebo/share/turtlebot3_gazebo//launch/spawn_turtlebot3.launch.py
[34.389s] -- Symlinking: /home/midday/turtlebot3_ws/install/turtlebot3_gazebo/share/turtlebot3_gazebo//launch/turtlebot3_dqn_stage1.launch.py
[34.393s] -- Symlinking: /home/midday/turtlebot3_ws/install/turtlebot3_gazebo/share/turtlebot3_gazebo//launch/turtlebot3_dqn_stage2.launch.py
[34.397s] -- Symlinking: /home/midday/turtlebot3_ws/install/turtlebot3_gazebo/share/turtlebot3_gazebo//launch/turtlebot3_dqn_stage3.launch.py
[34.402s] -- Symlinking: /home/midday/turtlebot3_ws/install/turtlebot3_gazebo/share/turtlebot3_gazebo//launch/turtlebot3_dqn_stage4.launch.py
[34.407s] -- Symlinking: /home/midday/turtlebot3_ws/install/turtlebot3_gazebo/share/turtlebot3_gazebo//launch/turtlebot3_house.launch.py
[34.411s] -- Symlinking: /home/midday/turtlebot3_ws/install/turtlebot3_gazebo/share/turtlebot3_gazebo//launch/turtlebot3_world.launch.py
[34.416s] -- Symlinking: /home/midday/turtlebot3_ws/install/turtlebot3_gazebo/share/turtlebot3_gazebo//models/turtlebot3_burger/model-1_4.sdf
[34.420s] -- Symlinking: /home/midday/turtlebot3_ws/install/turtlebot3_gazebo/share/turtlebot3_gazebo//models/turtlebot3_burger/model.config
[34.424s] -- Symlinking: /home/midday/turtlebot3_ws/install/turtlebot3_gazebo/share/turtlebot3_gazebo//models/turtlebot3_burger/model.sdf
[34.429s] -- Symlinking: /home/midday/turtlebot3_ws/install/turtlebot3_gazebo/share/turtlebot3_gazebo//models/turtlebot3_common/meshes/burger_base.dae
[34.433s] -- Symlinking: /home/midday/turtlebot3_ws/install/turtlebot3_gazebo/share/turtlebot3_gazebo//models/turtlebot3_common/meshes/lds.dae
[34.437s] -- Symlinking: /home/midday/turtlebot3_ws/install/turtlebot3_gazebo/share/turtlebot3_gazebo//models/turtlebot3_common/meshes/r200.dae
[34.442s] -- Symlinking: /home/midday/turtlebot3_ws/install/turtlebot3_gazebo/share/turtlebot3_gazebo//models/turtlebot3_common/meshes/tire.dae
[34.448s] -- Symlinking: /home/midday/turtlebot3_ws/install/turtlebot3_gazebo/share/turtlebot3_gazebo//models/turtlebot3_common/meshes/waffle_base.dae
[34.452s] -- Symlinking: /home/midday/turtlebot3_ws/install/turtlebot3_gazebo/share/turtlebot3_gazebo//models/turtlebot3_common/meshes/waffle_pi_base.dae
[34.457s] -- Symlinking: /home/midday/turtlebot3_ws/install/turtlebot3_gazebo/share/turtlebot3_gazebo//models/turtlebot3_common/model.config
[34.462s] -- Symlinking: /home/midday/turtlebot3_ws/install/turtlebot3_gazebo/share/turtlebot3_gazebo//models/turtlebot3_dqn_world/goal_box/model.config
[34.466s] -- Symlinking: /home/midday/turtlebot3_ws/install/turtlebot3_gazebo/share/turtlebot3_gazebo//models/turtlebot3_dqn_world/goal_box/model.sdf
[34.470s] -- Symlinking: /home/midday/turtlebot3_ws/install/turtlebot3_gazebo/share/turtlebot3_gazebo//models/turtlebot3_dqn_world/inner_walls/model.config
[34.475s] -- Symlinking: /home/midday/turtlebot3_ws/install/turtlebot3_gazebo/share/turtlebot3_gazebo//models/turtlebot3_dqn_world/inner_walls/model.sdf
[34.479s] -- Symlinking: /home/midday/turtlebot3_ws/install/turtlebot3_gazebo/share/turtlebot3_gazebo//models/turtlebot3_dqn_world/model.config
[34.484s] -- Symlinking: /home/midday/turtlebot3_ws/install/turtlebot3_gazebo/share/turtlebot3_gazebo//models/turtlebot3_dqn_world/model.sdf
[34.490s] -- Symlinking: /home/midday/turtlebot3_ws/install/turtlebot3_gazebo/share/turtlebot3_gazebo//models/turtlebot3_dqn_world/obstacle1/model.config
[34.495s] -- Symlinking: /home/midday/turtlebot3_ws/install/turtlebot3_gazebo/share/turtlebot3_gazebo//models/turtlebot3_dqn_world/obstacle1/model.sdf
[34.500s] -- Symlinking: /home/midday/turtlebot3_ws/install/turtlebot3_gazebo/share/turtlebot3_gazebo//models/turtlebot3_dqn_world/obstacle2/model.config
[34.504s] -- Symlinking: /home/midday/turtlebot3_ws/install/turtlebot3_gazebo/share/turtlebot3_gazebo//models/turtlebot3_dqn_world/obstacle2/model.sdf
[34.509s] -- Symlinking: /home/midday/turtlebot3_ws/install/turtlebot3_gazebo/share/turtlebot3_gazebo//models/turtlebot3_dqn_world/obstacle_plugin/CMakeLists.txt
[34.513s] -- Symlinking: /home/midday/turtlebot3_ws/install/turtlebot3_gazebo/share/turtlebot3_gazebo//models/turtlebot3_dqn_world/obstacle_plugin/obstacle1.cc
[34.518s] -- Symlinking: /home/midday/turtlebot3_ws/install/turtlebot3_gazebo/share/turtlebot3_gazebo//models/turtlebot3_dqn_world/obstacle_plugin/obstacle2.cc
[34.522s] -- Symlinking: /home/midday/turtlebot3_ws/install/turtlebot3_gazebo/share/turtlebot3_gazebo//models/turtlebot3_dqn_world/obstacle_plugin/obstacles.cc
[34.527s] -- Symlinking: /home/midday/turtlebot3_ws/install/turtlebot3_gazebo/share/turtlebot3_gazebo//models/turtlebot3_dqn_world/obstacles/model.config
[34.531s] -- Symlinking: /home/midday/turtlebot3_ws/install/turtlebot3_gazebo/share/turtlebot3_gazebo//models/turtlebot3_dqn_world/obstacles/model.sdf
[34.535s] -- Symlinking: /home/midday/turtlebot3_ws/install/turtlebot3_gazebo/share/turtlebot3_gazebo//models/turtlebot3_house/model.config
[34.540s] -- Symlinking: /home/midday/turtlebot3_ws/install/turtlebot3_gazebo/share/turtlebot3_gazebo//models/turtlebot3_house/model.sdf
[34.545s] -- Symlinking: /home/midday/turtlebot3_ws/install/turtlebot3_gazebo/share/turtlebot3_gazebo//models/turtlebot3_waffle/model-1_4.sdf
[34.549s] -- Symlinking: /home/midday/turtlebot3_ws/install/turtlebot3_gazebo/share/turtlebot3_gazebo//models/turtlebot3_waffle/model.config
[34.553s] -- Symlinking: /home/midday/turtlebot3_ws/install/turtlebot3_gazebo/share/turtlebot3_gazebo//models/turtlebot3_waffle/model.sdf
[34.557s] -- Symlinking: /home/midday/turtlebot3_ws/install/turtlebot3_gazebo/share/turtlebot3_gazebo//models/turtlebot3_waffle_pi/model-1_4_.sdf
[34.562s] -- Symlinking: /home/midday/turtlebot3_ws/install/turtlebot3_gazebo/share/turtlebot3_gazebo//models/turtlebot3_waffle_pi/model.config
[34.568s] -- Symlinking: /home/midday/turtlebot3_ws/install/turtlebot3_gazebo/share/turtlebot3_gazebo//models/turtlebot3_waffle_pi/model.sdf
[34.573s] -- Symlinking: /home/midday/turtlebot3_ws/install/turtlebot3_gazebo/share/turtlebot3_gazebo//models/turtlebot3_world/meshes/hexagon.dae
[34.578s] -- Symlinking: /home/midday/turtlebot3_ws/install/turtlebot3_gazebo/share/turtlebot3_gazebo//models/turtlebot3_world/meshes/wall.dae
[34.583s] -- Symlinking: /home/midday/turtlebot3_ws/install/turtlebot3_gazebo/share/turtlebot3_gazebo//models/turtlebot3_world/model-1_4.sdf
[34.590s] -- Symlinking: /home/midday/turtlebot3_ws/install/turtlebot3_gazebo/share/turtlebot3_gazebo//models/turtlebot3_world/model.config
[34.595s] -- Symlinking: /home/midday/turtlebot3_ws/install/turtlebot3_gazebo/share/turtlebot3_gazebo//models/turtlebot3_world/model.sdf
[34.599s] -- Symlinking: /home/midday/turtlebot3_ws/install/turtlebot3_gazebo/share/turtlebot3_gazebo//rviz/tb3_gazebo.rviz
[34.604s] -- Symlinking: /home/midday/turtlebot3_ws/install/turtlebot3_gazebo/share/turtlebot3_gazebo//urdf/common_properties.urdf
[34.608s] -- Symlinking: /home/midday/turtlebot3_ws/install/turtlebot3_gazebo/share/turtlebot3_gazebo//urdf/turtlebot3_burger.urdf
[34.612s] -- Symlinking: /home/midday/turtlebot3_ws/install/turtlebot3_gazebo/share/turtlebot3_gazebo//urdf/turtlebot3_waffle.urdf
[34.616s] -- Symlinking: /home/midday/turtlebot3_ws/install/turtlebot3_gazebo/share/turtlebot3_gazebo//urdf/turtlebot3_waffle_pi.urdf
[34.621s] -- Symlinking: /home/midday/turtlebot3_ws/install/turtlebot3_gazebo/share/turtlebot3_gazebo//worlds/empty_world.world
[34.625s] -- Symlinking: /home/midday/turtlebot3_ws/install/turtlebot3_gazebo/share/turtlebot3_gazebo//worlds/turtlebot3_dqn_stage1.world
[34.629s] -- Symlinking: /home/midday/turtlebot3_ws/install/turtlebot3_gazebo/share/turtlebot3_gazebo//worlds/turtlebot3_dqn_stage2.world
[34.634s] -- Symlinking: /home/midday/turtlebot3_ws/install/turtlebot3_gazebo/share/turtlebot3_gazebo//worlds/turtlebot3_dqn_stage3.world
[34.639s] -- Symlinking: /home/midday/turtlebot3_ws/install/turtlebot3_gazebo/share/turtlebot3_gazebo//worlds/turtlebot3_dqn_stage4.world
[34.643s] -- Symlinking: /home/midday/turtlebot3_ws/install/turtlebot3_gazebo/share/turtlebot3_gazebo//worlds/turtlebot3_house.world
[34.648s] -- Symlinking: /home/midday/turtlebot3_ws/install/turtlebot3_gazebo/share/turtlebot3_gazebo//worlds/turtlebot3_world.world
[34.653s] -- Symlinking: /home/midday/turtlebot3_ws/install/turtlebot3_gazebo/include//turtlebot3_gazebo/turtlebot3_drive.hpp
[34.658s] -- Symlinking: /home/midday/turtlebot3_ws/install/turtlebot3_gazebo/share/ament_index/resource_index/package_run_dependencies/turtlebot3_gazebo
[34.662s] -- Symlinking: /home/midday/turtlebot3_ws/install/turtlebot3_gazebo/share/ament_index/resource_index/parent_prefix_path/turtlebot3_gazebo
[34.667s] -- Symlinking: /home/midday/turtlebot3_ws/install/turtlebot3_gazebo/share/turtlebot3_gazebo/environment/ament_prefix_path.sh
[34.671s] -- Symlinking: /home/midday/turtlebot3_ws/install/turtlebot3_gazebo/share/turtlebot3_gazebo/environment/ament_prefix_path.dsv
[34.675s] -- Symlinking: /home/midday/turtlebot3_ws/install/turtlebot3_gazebo/share/turtlebot3_gazebo/environment/path.sh
[34.680s] -- Symlinking: /home/midday/turtlebot3_ws/install/turtlebot3_gazebo/share/turtlebot3_gazebo/environment/path.dsv
[34.685s] -- Symlinking: /home/midday/turtlebot3_ws/install/turtlebot3_gazebo/share/turtlebot3_gazebo/local_setup.bash
[34.690s] -- Symlinking: /home/midday/turtlebot3_ws/install/turtlebot3_gazebo/share/turtlebot3_gazebo/local_setup.sh
[34.695s] -- Symlinking: /home/midday/turtlebot3_ws/install/turtlebot3_gazebo/share/turtlebot3_gazebo/local_setup.zsh
[34.700s] -- Symlinking: /home/midday/turtlebot3_ws/install/turtlebot3_gazebo/share/turtlebot3_gazebo/local_setup.dsv
[34.707s] -- Symlinking: /home/midday/turtlebot3_ws/install/turtlebot3_gazebo/share/turtlebot3_gazebo/package.dsv
[34.711s] -- Symlinking: /home/midday/turtlebot3_ws/install/turtlebot3_gazebo/share/ament_index/resource_index/packages/turtlebot3_gazebo
[34.716s] -- Symlinking: /home/midday/turtlebot3_ws/install/turtlebot3_gazebo/share/turtlebot3_gazebo/cmake/ament_cmake_export_include_directories-extras.cmake
[34.720s] -- Symlinking: /home/midday/turtlebot3_ws/install/turtlebot3_gazebo/share/turtlebot3_gazebo/cmake/ament_cmake_export_dependencies-extras.cmake
[34.724s] -- Symlinking: /home/midday/turtlebot3_ws/install/turtlebot3_gazebo/share/turtlebot3_gazebo/cmake/turtlebot3_gazeboConfig.cmake
[34.729s] -- Symlinking: /home/midday/turtlebot3_ws/install/turtlebot3_gazebo/share/turtlebot3_gazebo/cmake/turtlebot3_gazeboConfig-version.cmake
[34.733s] -- Symlinking: /home/midday/turtlebot3_ws/install/turtlebot3_gazebo/share/turtlebot3_gazebo/package.xml
[34.739s] Invoked command in '/home/midday/turtlebot3_ws/build/turtlebot3_gazebo' returned '0': CMAKE_PREFIX_PATH=/opt/ros/humble /usr/bin/cmake --install /home/midday/turtlebot3_ws/build/turtlebot3_gazebo
