[0.141s] Invoking command in '/home/midday/turtlebot3_ws/build/turtlebot3_bringup': AMENT_PREFIX_PATH=/home/midday/turtlebot3_ws/install/turtlebot3_node:/home/midday/turtlebot3_ws/install/turtlebot3_msgs:/home/midday/turtlebot3_ws/install/turtlebot3_description:/home/midday/turtlebot3_ws/install/dynamixel_sdk:${AMENT_PREFIX_PATH} CMAKE_PREFIX_PATH=/home/midday/turtlebot3_ws/install/turtlebot3_node:/home/midday/turtlebot3_ws/install/turtlebot3_msgs:/home/midday/turtlebot3_ws/install/turtlebot3_description:/home/midday/turtlebot3_ws/install/dynamixel_sdk:/opt/ros/humble LD_LIBRARY_PATH=/home/midday/turtlebot3_ws/install/turtlebot3_msgs/lib:/home/midday/turtlebot3_ws/install/dynamixel_sdk/lib:/usr/lib/x86_64-linux-gnu/gazebo-11/plugins:/opt/ros/humble/opt/rviz_ogre_vendor/lib:/opt/ros/humble/lib/x86_64-linux-gnu:/opt/ros/humble/lib:/usr/share/gazebo/../../lib/x86_64-linux-gnu/gazebo-11/plugins:/usr/share/gazebo/../../lib/x86_64-linux-gnu/gazebo-11/plugins:/usr/share/gazebo/../../lib/x86_64-linux-gnu/gazebo-11/plugins:/usr/share/gazebo/../../lib/x86_64-linux-gnu/gazebo-11/plugins:/usr/share/gazebo/../../lib/x86_64-linux-gnu/gazebo-11/plugins:/usr/share/gazebo/../../lib/x86_64-linux-gnu/gazebo-11/plugins PYTHONPATH=/home/midday/turtlebot3_ws/install/turtlebot3_msgs/local/lib/python3.10/dist-packages:${PYTHONPATH} /usr/bin/cmake /home/midday/turtlebot3_ws/src/turtlebot3/turtlebot3_bringup -DAMENT_CMAKE_SYMLINK_INSTALL=1 -DCMAKE_INSTALL_PREFIX=/home/midday/turtlebot3_ws/install/turtlebot3_bringup
[0.218s] -- The C compiler identification is GNU 11.4.0
[0.432s] -- The CXX compiler identification is GNU 11.4.0
[0.583s] -- Detecting C compiler ABI info
[0.658s] -- Detecting C compiler ABI info - done
[0.663s] -- Check for working C compiler: /usr/bin/cc - skipped
[0.663s] -- Detecting C compile features
[0.663s] -- Detecting C compile features - done
[0.665s] -- Detecting CXX compiler ABI info
[0.751s] -- Detecting CXX compiler ABI info - done
[0.758s] -- Check for working CXX compiler: /usr/bin/c++ - skipped
[0.758s] -- Detecting CXX compile features
[0.759s] -- Detecting CXX compile features - done
[0.761s] -- Found ament_cmake: 1.3.8 (/opt/ros/humble/share/ament_cmake/cmake)
[0.871s] -- Found Python3: /usr/bin/python3 (found version "3.10.12") found components: Interpreter 
[0.916s] -- Override CMake install command with custom implementation using symlinks instead of copying resources
[0.987s] -- Configuring done
[0.989s] -- Generating done
[0.990s] -- Build files have been written to: /home/midday/turtlebot3_ws/build/turtlebot3_bringup
[0.993s] Invoked command in '/home/midday/turtlebot3_ws/build/turtlebot3_bringup' returned '0': AMENT_PREFIX_PATH=/home/midday/turtlebot3_ws/install/turtlebot3_node:/home/midday/turtlebot3_ws/install/turtlebot3_msgs:/home/midday/turtlebot3_ws/install/turtlebot3_description:/home/midday/turtlebot3_ws/install/dynamixel_sdk:${AMENT_PREFIX_PATH} CMAKE_PREFIX_PATH=/home/midday/turtlebot3_ws/install/turtlebot3_node:/home/midday/turtlebot3_ws/install/turtlebot3_msgs:/home/midday/turtlebot3_ws/install/turtlebot3_description:/home/midday/turtlebot3_ws/install/dynamixel_sdk:/opt/ros/humble LD_LIBRARY_PATH=/home/midday/turtlebot3_ws/install/turtlebot3_msgs/lib:/home/midday/turtlebot3_ws/install/dynamixel_sdk/lib:/usr/lib/x86_64-linux-gnu/gazebo-11/plugins:/opt/ros/humble/opt/rviz_ogre_vendor/lib:/opt/ros/humble/lib/x86_64-linux-gnu:/opt/ros/humble/lib:/usr/share/gazebo/../../lib/x86_64-linux-gnu/gazebo-11/plugins:/usr/share/gazebo/../../lib/x86_64-linux-gnu/gazebo-11/plugins:/usr/share/gazebo/../../lib/x86_64-linux-gnu/gazebo-11/plugins:/usr/share/gazebo/../../lib/x86_64-linux-gnu/gazebo-11/plugins:/usr/share/gazebo/../../lib/x86_64-linux-gnu/gazebo-11/plugins:/usr/share/gazebo/../../lib/x86_64-linux-gnu/gazebo-11/plugins PYTHONPATH=/home/midday/turtlebot3_ws/install/turtlebot3_msgs/local/lib/python3.10/dist-packages:${PYTHONPATH} /usr/bin/cmake /home/midday/turtlebot3_ws/src/turtlebot3/turtlebot3_bringup -DAMENT_CMAKE_SYMLINK_INSTALL=1 -DCMAKE_INSTALL_PREFIX=/home/midday/turtlebot3_ws/install/turtlebot3_bringup
[0.995s] Invoking command in '/home/midday/turtlebot3_ws/build/turtlebot3_bringup': AMENT_PREFIX_PATH=/home/midday/turtlebot3_ws/install/turtlebot3_node:/home/midday/turtlebot3_ws/install/turtlebot3_msgs:/home/midday/turtlebot3_ws/install/turtlebot3_description:/home/midday/turtlebot3_ws/install/dynamixel_sdk:${AMENT_PREFIX_PATH} CMAKE_PREFIX_PATH=/home/midday/turtlebot3_ws/install/turtlebot3_node:/home/midday/turtlebot3_ws/install/turtlebot3_msgs:/home/midday/turtlebot3_ws/install/turtlebot3_description:/home/midday/turtlebot3_ws/install/dynamixel_sdk:/opt/ros/humble LD_LIBRARY_PATH=/home/midday/turtlebot3_ws/install/turtlebot3_msgs/lib:/home/midday/turtlebot3_ws/install/dynamixel_sdk/lib:/usr/lib/x86_64-linux-gnu/gazebo-11/plugins:/opt/ros/humble/opt/rviz_ogre_vendor/lib:/opt/ros/humble/lib/x86_64-linux-gnu:/opt/ros/humble/lib:/usr/share/gazebo/../../lib/x86_64-linux-gnu/gazebo-11/plugins:/usr/share/gazebo/../../lib/x86_64-linux-gnu/gazebo-11/plugins:/usr/share/gazebo/../../lib/x86_64-linux-gnu/gazebo-11/plugins:/usr/share/gazebo/../../lib/x86_64-linux-gnu/gazebo-11/plugins:/usr/share/gazebo/../../lib/x86_64-linux-gnu/gazebo-11/plugins:/usr/share/gazebo/../../lib/x86_64-linux-gnu/gazebo-11/plugins PYTHONPATH=/home/midday/turtlebot3_ws/install/turtlebot3_msgs/local/lib/python3.10/dist-packages:${PYTHONPATH} /usr/bin/cmake --build /home/midday/turtlebot3_ws/build/turtlebot3_bringup -- -j12 -l12
[1.016s] Invoked command in '/home/midday/turtlebot3_ws/build/turtlebot3_bringup' returned '0': AMENT_PREFIX_PATH=/home/midday/turtlebot3_ws/install/turtlebot3_node:/home/midday/turtlebot3_ws/install/turtlebot3_msgs:/home/midday/turtlebot3_ws/install/turtlebot3_description:/home/midday/turtlebot3_ws/install/dynamixel_sdk:${AMENT_PREFIX_PATH} CMAKE_PREFIX_PATH=/home/midday/turtlebot3_ws/install/turtlebot3_node:/home/midday/turtlebot3_ws/install/turtlebot3_msgs:/home/midday/turtlebot3_ws/install/turtlebot3_description:/home/midday/turtlebot3_ws/install/dynamixel_sdk:/opt/ros/humble LD_LIBRARY_PATH=/home/midday/turtlebot3_ws/install/turtlebot3_msgs/lib:/home/midday/turtlebot3_ws/install/dynamixel_sdk/lib:/usr/lib/x86_64-linux-gnu/gazebo-11/plugins:/opt/ros/humble/opt/rviz_ogre_vendor/lib:/opt/ros/humble/lib/x86_64-linux-gnu:/opt/ros/humble/lib:/usr/share/gazebo/../../lib/x86_64-linux-gnu/gazebo-11/plugins:/usr/share/gazebo/../../lib/x86_64-linux-gnu/gazebo-11/plugins:/usr/share/gazebo/../../lib/x86_64-linux-gnu/gazebo-11/plugins:/usr/share/gazebo/../../lib/x86_64-linux-gnu/gazebo-11/plugins:/usr/share/gazebo/../../lib/x86_64-linux-gnu/gazebo-11/plugins:/usr/share/gazebo/../../lib/x86_64-linux-gnu/gazebo-11/plugins PYTHONPATH=/home/midday/turtlebot3_ws/install/turtlebot3_msgs/local/lib/python3.10/dist-packages:${PYTHONPATH} /usr/bin/cmake --build /home/midday/turtlebot3_ws/build/turtlebot3_bringup -- -j12 -l12
[1.029s] Invoking command in '/home/midday/turtlebot3_ws/build/turtlebot3_bringup': AMENT_PREFIX_PATH=/home/midday/turtlebot3_ws/install/turtlebot3_node:/home/midday/turtlebot3_ws/install/turtlebot3_msgs:/home/midday/turtlebot3_ws/install/turtlebot3_description:/home/midday/turtlebot3_ws/install/dynamixel_sdk:${AMENT_PREFIX_PATH} CMAKE_PREFIX_PATH=/home/midday/turtlebot3_ws/install/turtlebot3_node:/home/midday/turtlebot3_ws/install/turtlebot3_msgs:/home/midday/turtlebot3_ws/install/turtlebot3_description:/home/midday/turtlebot3_ws/install/dynamixel_sdk:/opt/ros/humble LD_LIBRARY_PATH=/home/midday/turtlebot3_ws/install/turtlebot3_msgs/lib:/home/midday/turtlebot3_ws/install/dynamixel_sdk/lib:/usr/lib/x86_64-linux-gnu/gazebo-11/plugins:/opt/ros/humble/opt/rviz_ogre_vendor/lib:/opt/ros/humble/lib/x86_64-linux-gnu:/opt/ros/humble/lib:/usr/share/gazebo/../../lib/x86_64-linux-gnu/gazebo-11/plugins:/usr/share/gazebo/../../lib/x86_64-linux-gnu/gazebo-11/plugins:/usr/share/gazebo/../../lib/x86_64-linux-gnu/gazebo-11/plugins:/usr/share/gazebo/../../lib/x86_64-linux-gnu/gazebo-11/plugins:/usr/share/gazebo/../../lib/x86_64-linux-gnu/gazebo-11/plugins:/usr/share/gazebo/../../lib/x86_64-linux-gnu/gazebo-11/plugins PYTHONPATH=/home/midday/turtlebot3_ws/install/turtlebot3_msgs/local/lib/python3.10/dist-packages:${PYTHONPATH} /usr/bin/cmake --install /home/midday/turtlebot3_ws/build/turtlebot3_bringup
[1.033s] -- Install configuration: ""
[1.033s] -- Execute custom install script
[1.035s] -- Symlinking: /home/midday/turtlebot3_ws/install/turtlebot3_bringup/share/turtlebot3_bringup/launch/robot.launch.py
[1.041s] -- Symlinking: /home/midday/turtlebot3_ws/install/turtlebot3_bringup/share/turtlebot3_bringup/launch/rviz2.launch.py
[1.045s] -- Symlinking: /home/midday/turtlebot3_ws/install/turtlebot3_bringup/share/turtlebot3_bringup/launch/turtlebot3_state_publisher.launch.py
[1.049s] -- Symlinking: /home/midday/turtlebot3_ws/install/turtlebot3_bringup/share/turtlebot3_bringup/param/burger.yaml
[1.054s] -- Symlinking: /home/midday/turtlebot3_ws/install/turtlebot3_bringup/share/turtlebot3_bringup/param/waffle.yaml
[1.058s] -- Symlinking: /home/midday/turtlebot3_ws/install/turtlebot3_bringup/share/turtlebot3_bringup/param/waffle_pi.yaml
[1.063s] -- Symlinking: /home/midday/turtlebot3_ws/install/turtlebot3_bringup/share/turtlebot3_bringup/script/99-turtlebot3-cdc.rules
[1.067s] -- Symlinking: /home/midday/turtlebot3_ws/install/turtlebot3_bringup/share/turtlebot3_bringup/script/create_udev_rules
[1.072s] -- Symlinking: /home/midday/turtlebot3_ws/install/turtlebot3_bringup/share/ament_index/resource_index/package_run_dependencies/turtlebot3_bringup
[1.077s] -- Symlinking: /home/midday/turtlebot3_ws/install/turtlebot3_bringup/share/ament_index/resource_index/parent_prefix_path/turtlebot3_bringup
[1.082s] -- Symlinking: /home/midday/turtlebot3_ws/install/turtlebot3_bringup/share/turtlebot3_bringup/environment/ament_prefix_path.sh
[1.086s] -- Symlinking: /home/midday/turtlebot3_ws/install/turtlebot3_bringup/share/turtlebot3_bringup/environment/ament_prefix_path.dsv
[1.091s] -- Symlinking: /home/midday/turtlebot3_ws/install/turtlebot3_bringup/share/turtlebot3_bringup/environment/path.sh
[1.095s] -- Symlinking: /home/midday/turtlebot3_ws/install/turtlebot3_bringup/share/turtlebot3_bringup/environment/path.dsv
[1.099s] -- Symlinking: /home/midday/turtlebot3_ws/install/turtlebot3_bringup/share/turtlebot3_bringup/local_setup.bash
[1.103s] -- Symlinking: /home/midday/turtlebot3_ws/install/turtlebot3_bringup/share/turtlebot3_bringup/local_setup.sh
[1.108s] -- Symlinking: /home/midday/turtlebot3_ws/install/turtlebot3_bringup/share/turtlebot3_bringup/local_setup.zsh
[1.113s] -- Symlinking: /home/midday/turtlebot3_ws/install/turtlebot3_bringup/share/turtlebot3_bringup/local_setup.dsv
[1.119s] -- Symlinking: /home/midday/turtlebot3_ws/install/turtlebot3_bringup/share/turtlebot3_bringup/package.dsv
[1.125s] -- Symlinking: /home/midday/turtlebot3_ws/install/turtlebot3_bringup/share/ament_index/resource_index/packages/turtlebot3_bringup
[1.130s] -- Symlinking: /home/midday/turtlebot3_ws/install/turtlebot3_bringup/share/turtlebot3_bringup/cmake/turtlebot3_bringupConfig.cmake
[1.135s] -- Symlinking: /home/midday/turtlebot3_ws/install/turtlebot3_bringup/share/turtlebot3_bringup/cmake/turtlebot3_bringupConfig-version.cmake
[1.139s] -- Symlinking: /home/midday/turtlebot3_ws/install/turtlebot3_bringup/share/turtlebot3_bringup/package.xml
[1.145s] Invoked command in '/home/midday/turtlebot3_ws/build/turtlebot3_bringup' returned '0': AMENT_PREFIX_PATH=/home/midday/turtlebot3_ws/install/turtlebot3_node:/home/midday/turtlebot3_ws/install/turtlebot3_msgs:/home/midday/turtlebot3_ws/install/turtlebot3_description:/home/midday/turtlebot3_ws/install/dynamixel_sdk:${AMENT_PREFIX_PATH} CMAKE_PREFIX_PATH=/home/midday/turtlebot3_ws/install/turtlebot3_node:/home/midday/turtlebot3_ws/install/turtlebot3_msgs:/home/midday/turtlebot3_ws/install/turtlebot3_description:/home/midday/turtlebot3_ws/install/dynamixel_sdk:/opt/ros/humble LD_LIBRARY_PATH=/home/midday/turtlebot3_ws/install/turtlebot3_msgs/lib:/home/midday/turtlebot3_ws/install/dynamixel_sdk/lib:/usr/lib/x86_64-linux-gnu/gazebo-11/plugins:/opt/ros/humble/opt/rviz_ogre_vendor/lib:/opt/ros/humble/lib/x86_64-linux-gnu:/opt/ros/humble/lib:/usr/share/gazebo/../../lib/x86_64-linux-gnu/gazebo-11/plugins:/usr/share/gazebo/../../lib/x86_64-linux-gnu/gazebo-11/plugins:/usr/share/gazebo/../../lib/x86_64-linux-gnu/gazebo-11/plugins:/usr/share/gazebo/../../lib/x86_64-linux-gnu/gazebo-11/plugins:/usr/share/gazebo/../../lib/x86_64-linux-gnu/gazebo-11/plugins:/usr/share/gazebo/../../lib/x86_64-linux-gnu/gazebo-11/plugins PYTHONPATH=/home/midday/turtlebot3_ws/install/turtlebot3_msgs/local/lib/python3.10/dist-packages:${PYTHONPATH} /usr/bin/cmake --install /home/midday/turtlebot3_ws/build/turtlebot3_bringup
